2025-07-04 17:53:16,225 [INFO] fetch_kline.py:81 筛选得到 3026 只股票
2025-07-04 17:53:16,226 [INFO] fetch_kline.py:335 开始抓取 3026 支股票 | 数据源:tushare | 频率:day | 日期:20190101 → 20250704
2025-07-04 17:53:42,115 [WARNING] fetch_kline.py:131 Tushare 拉取 000799 失败(1/3): ERROR.
2025-07-04 17:53:42,213 [WARNING] fetch_kline.py:131 Tushare 拉取 000800 失败(1/3): ERROR.
2025-07-04 17:53:42,240 [WARNING] fetch_kline.py:131 Tushare 拉取 000801 失败(1/3): ERROR.
2025-07-04 17:53:44,560 [WARNING] fetch_kline.py:131 Tushare 拉取 000799 失败(2/3): ERROR.
2025-07-04 17:53:45,047 [WARNING] fetch_kline.py:131 Tushare 拉取 000800 失败(2/3): ERROR.
2025-07-04 17:53:45,254 [WARNING] fetch_kline.py:131 Tushare 拉取 000801 失败(2/3): ERROR.
2025-07-04 17:53:47,656 [WARNING] fetch_kline.py:131 Tushare 拉取 000799 失败(3/3): ERROR.
2025-07-04 17:53:48,306 [WARNING] fetch_kline.py:131 Tushare 拉取 000800 失败(3/3): ERROR.
2025-07-04 17:53:49,010 [WARNING] fetch_kline.py:131 Tushare 拉取 000801 失败(3/3): ERROR.
2025-07-04 17:53:52,697 [WARNING] fetch_kline.py:131 Tushare 拉取 000807 失败(1/3): ERROR.
2025-07-04 17:53:53,137 [WARNING] fetch_kline.py:131 Tushare 拉取 000810 失败(1/3): ERROR.
2025-07-04 17:53:54,937 [WARNING] fetch_kline.py:131 Tushare 拉取 000807 失败(2/3): ERROR.
2025-07-04 20:22:20,211 [INFO] fetch_kline.py:81 筛选得到 3026 只股票
2025-07-04 20:22:20,212 [INFO] fetch_kline.py:335 开始抓取 3026 支股票 | 数据源:tushare | 频率:day | 日期:20190101 → 20250704
2025-07-04 20:24:53,167 [INFO] fetch_kline.py:81 筛选得到 3026 只股票
2025-07-04 20:24:53,169 [INFO] fetch_kline.py:335 开始抓取 3026 支股票 | 数据源:tushare | 频率:day | 日期:20250101 → 20250704
2025-07-04 20:25:27,340 [WARNING] fetch_kline.py:131 Tushare 拉取 000799 失败(1/3): ERROR.
2025-07-04 20:25:27,387 [WARNING] fetch_kline.py:131 Tushare 拉取 000800 失败(1/3): ERROR.
2025-07-04 20:25:27,523 [WARNING] fetch_kline.py:131 Tushare 拉取 000801 失败(1/3): ERROR.
2025-07-04 20:25:29,414 [WARNING] fetch_kline.py:131 Tushare 拉取 000800 失败(2/3): ERROR.
2025-07-04 20:25:29,485 [WARNING] fetch_kline.py:131 Tushare 拉取 000801 失败(2/3): ERROR.
2025-07-04 20:25:29,907 [WARNING] fetch_kline.py:131 Tushare 拉取 000799 失败(2/3): ERROR.
2025-07-04 20:25:32,245 [WARNING] fetch_kline.py:131 Tushare 拉取 000801 失败(3/3): ERROR.
2025-07-04 20:25:33,516 [WARNING] fetch_kline.py:131 Tushare 拉取 000800 失败(3/3): ERROR.
2025-07-04 20:25:33,659 [WARNING] fetch_kline.py:131 Tushare 拉取 000799 失败(3/3): ERROR.
2025-07-04 20:25:37,117 [WARNING] fetch_kline.py:131 Tushare 拉取 000807 失败(1/3): ERROR.
2025-07-04 20:25:37,400 [WARNING] fetch_kline.py:131 Tushare 拉取 000810 失败(1/3): ERROR.
2025-07-04 20:25:38,289 [WARNING] fetch_kline.py:131 Tushare 拉取 000811 失败(1/3): ERROR.
2025-07-04 20:25:38,828 [WARNING] fetch_kline.py:131 Tushare 拉取 000807 失败(2/3): ERROR.
2025-07-04 20:25:39,328 [WARNING] fetch_kline.py:131 Tushare 拉取 000810 失败(2/3): ERROR.
2025-07-04 20:25:40,012 [WARNING] fetch_kline.py:131 Tushare 拉取 000811 失败(2/3): ERROR.
2025-07-04 20:25:42,961 [WARNING] fetch_kline.py:131 Tushare 拉取 000807 失败(3/3): ERROR.
2025-07-04 20:25:43,928 [WARNING] fetch_kline.py:131 Tushare 拉取 000810 失败(3/3): ERROR.
2025-07-04 20:25:44,382 [WARNING] fetch_kline.py:131 Tushare 拉取 000811 失败(3/3): ERROR.
2025-07-04 20:25:49,006 [WARNING] fetch_kline.py:131 Tushare 拉取 000813 失败(1/3): ERROR.
2025-07-04 20:25:51,602 [WARNING] fetch_kline.py:131 Tushare 拉取 000815 失败(1/3): ERROR.
2025-07-04 20:25:51,975 [WARNING] fetch_kline.py:131 Tushare 拉取 000818 失败(1/3): ERROR.
2025-07-04 20:25:52,446 [WARNING] fetch_kline.py:131 Tushare 拉取 000813 失败(2/3): ERROR.
2025-07-04 20:26:18,718 [WARNING] fetch_kline.py:131 Tushare 拉取 002099 失败(1/3): ERROR.
2025-07-04 20:26:18,834 [WARNING] fetch_kline.py:131 Tushare 拉取 002100 失败(1/3): ERROR.
2025-07-04 20:26:18,905 [WARNING] fetch_kline.py:131 Tushare 拉取 002101 失败(1/3): ERROR.
2025-07-04 20:26:23,144 [WARNING] fetch_kline.py:131 Tushare 拉取 002101 失败(2/3): ERROR.
2025-07-04 20:26:23,219 [WARNING] fetch_kline.py:131 Tushare 拉取 002099 失败(2/3): ERROR.
2025-07-04 20:26:23,219 [WARNING] fetch_kline.py:131 Tushare 拉取 002100 失败(2/3): ERROR.
2025-07-04 20:26:26,466 [WARNING] fetch_kline.py:131 Tushare 拉取 002100 失败(3/3): ERROR.
2025-07-04 20:26:26,492 [WARNING] fetch_kline.py:131 Tushare 拉取 002101 失败(3/3): ERROR.
2025-07-04 20:26:27,684 [WARNING] fetch_kline.py:131 Tushare 拉取 002099 失败(3/3): ERROR.
2025-07-04 20:26:31,712 [WARNING] fetch_kline.py:131 Tushare 拉取 002102 失败(1/3): ERROR.
2025-07-04 20:26:31,769 [WARNING] fetch_kline.py:131 Tushare 拉取 002103 失败(1/3): ERROR.
2025-07-04 20:26:36,377 [WARNING] fetch_kline.py:131 Tushare 拉取 002102 失败(2/3): ERROR.
2025-07-04 20:26:36,380 [WARNING] fetch_kline.py:131 Tushare 拉取 002103 失败(2/3): ERROR.
2025-07-04 20:26:36,439 [WARNING] fetch_kline.py:131 Tushare 拉取 002104 失败(1/3): ERROR.
2025-07-04 20:26:39,357 [WARNING] fetch_kline.py:131 Tushare 拉取 002104 失败(2/3): ERROR.
2025-07-04 20:26:40,075 [WARNING] fetch_kline.py:131 Tushare 拉取 002102 失败(3/3): ERROR.
2025-07-04 20:26:43,040 [WARNING] fetch_kline.py:131 Tushare 拉取 002103 失败(3/3): ERROR.
2025-07-04 20:26:44,071 [WARNING] fetch_kline.py:131 Tushare 拉取 002104 失败(3/3): ERROR.
2025-07-04 20:26:48,590 [WARNING] fetch_kline.py:131 Tushare 拉取 002106 失败(1/3): ERROR.
2025-07-04 20:26:48,710 [WARNING] fetch_kline.py:131 Tushare 拉取 002108 失败(1/3): ERROR.
2025-07-04 20:26:51,283 [WARNING] fetch_kline.py:131 Tushare 拉取 002110 失败(1/3): ERROR.
2025-07-04 20:26:51,500 [WARNING] fetch_kline.py:131 Tushare 拉取 002108 失败(2/3): ERROR.
2025-07-04 20:26:51,633 [WARNING] fetch_kline.py:131 Tushare 拉取 002106 失败(2/3): ERROR.
2025-07-04 20:27:27,471 [WARNING] fetch_kline.py:131 Tushare 拉取 002423 失败(1/3): ERROR.
2025-07-04 20:27:27,472 [WARNING] fetch_kline.py:131 Tushare 拉取 002424 失败(1/3): ERROR.
2025-07-04 20:27:27,606 [WARNING] fetch_kline.py:131 Tushare 拉取 002426 失败(1/3): ERROR.
2025-07-04 20:27:32,878 [WARNING] fetch_kline.py:131 Tushare 拉取 002426 失败(2/3): ERROR.
2025-07-04 20:27:32,924 [WARNING] fetch_kline.py:131 Tushare 拉取 002424 失败(2/3): ERROR.
2025-07-04 20:27:33,225 [WARNING] fetch_kline.py:131 Tushare 拉取 002423 失败(2/3): ERROR.
2025-07-04 20:27:37,613 [WARNING] fetch_kline.py:131 Tushare 拉取 002423 失败(3/3): ERROR.
2025-07-04 20:27:37,613 [WARNING] fetch_kline.py:131 Tushare 拉取 002424 失败(3/3): ERROR.
2025-07-04 20:27:38,006 [WARNING] fetch_kline.py:131 Tushare 拉取 002426 失败(3/3): ERROR.
2025-07-04 20:27:42,791 [WARNING] fetch_kline.py:131 Tushare 拉取 002427 失败(1/3): ERROR.
2025-07-04 20:27:43,449 [WARNING] fetch_kline.py:131 Tushare 拉取 002428 失败(1/3): ERROR.
2025-07-04 20:27:44,056 [WARNING] fetch_kline.py:131 Tushare 拉取 002429 失败(1/3): ERROR.
2025-07-04 20:27:45,117 [WARNING] fetch_kline.py:131 Tushare 拉取 002427 失败(2/3): ERROR.
2025-07-04 20:27:45,991 [WARNING] fetch_kline.py:131 Tushare 拉取 002428 失败(2/3): ERROR.
2025-07-04 20:27:46,494 [WARNING] fetch_kline.py:131 Tushare 拉取 002429 失败(2/3): ERROR.
2025-07-04 20:27:49,409 [WARNING] fetch_kline.py:131 Tushare 拉取 002427 失败(3/3): ERROR.
2025-07-04 20:27:50,195 [WARNING] fetch_kline.py:131 Tushare 拉取 002428 失败(3/3): ERROR.
2025-07-04 20:27:51,168 [WARNING] fetch_kline.py:131 Tushare 拉取 002429 失败(3/3): ERROR.
2025-07-04 20:27:54,202 [WARNING] fetch_kline.py:131 Tushare 拉取 002430 失败(1/3): ERROR.
2025-07-04 20:28:17,275 [WARNING] fetch_kline.py:131 Tushare 拉取 002837 失败(1/3): ERROR.
2025-07-04 20:28:17,275 [WARNING] fetch_kline.py:131 Tushare 拉取 002832 失败(1/3): ERROR.
2025-07-04 20:28:17,286 [WARNING] fetch_kline.py:131 Tushare 拉取 002833 失败(1/3): ERROR.
2025-07-04 20:28:19,166 [WARNING] fetch_kline.py:131 Tushare 拉取 002833 失败(2/3): ERROR.
2025-07-04 20:28:19,807 [WARNING] fetch_kline.py:131 Tushare 拉取 002837 失败(2/3): ERROR.
2025-07-04 20:28:20,051 [WARNING] fetch_kline.py:131 Tushare 拉取 002832 失败(2/3): ERROR.
2025-07-04 20:28:24,413 [WARNING] fetch_kline.py:131 Tushare 拉取 002833 失败(3/3): ERROR.
2025-07-04 20:28:24,437 [WARNING] fetch_kline.py:131 Tushare 拉取 002832 失败(3/3): ERROR.
2025-07-04 20:28:25,401 [WARNING] fetch_kline.py:131 Tushare 拉取 002837 失败(3/3): ERROR.
2025-07-04 20:28:29,496 [WARNING] fetch_kline.py:131 Tushare 拉取 002838 失败(1/3): ERROR.
2025-07-04 20:28:29,851 [WARNING] fetch_kline.py:131 Tushare 拉取 002839 失败(1/3): ERROR.
2025-07-04 20:28:30,405 [WARNING] fetch_kline.py:131 Tushare 拉取 002840 失败(1/3): ERROR.
2025-07-04 20:28:32,780 [WARNING] fetch_kline.py:131 Tushare 拉取 002840 失败(2/3): ERROR.
2025-07-04 20:28:32,864 [WARNING] fetch_kline.py:131 Tushare 拉取 002838 失败(2/3): ERROR.
2025-07-04 20:28:32,988 [WARNING] fetch_kline.py:131 Tushare 拉取 002839 失败(2/3): ERROR.
2025-07-04 20:28:37,163 [WARNING] fetch_kline.py:131 Tushare 拉取 002839 失败(3/3): ERROR.
2025-07-04 20:28:37,416 [WARNING] fetch_kline.py:131 Tushare 拉取 002838 失败(3/3): ERROR.
2025-07-04 20:28:37,459 [WARNING] fetch_kline.py:131 Tushare 拉取 002840 失败(3/3): ERROR.
2025-07-04 20:28:41,313 [WARNING] fetch_kline.py:131 Tushare 拉取 002841 失败(1/3): ERROR.
2025-07-04 20:28:42,290 [WARNING] fetch_kline.py:131 Tushare 拉取 002843 失败(1/3): ERROR.
2025-07-04 20:28:42,395 [WARNING] fetch_kline.py:131 Tushare 拉取 002845 失败(1/3): ERROR.
2025-07-04 20:28:43,180 [WARNING] fetch_kline.py:131 Tushare 拉取 002841 失败(2/3): ERROR.
2025-07-04 20:28:44,308 [WARNING] fetch_kline.py:131 Tushare 拉取 002843 失败(2/3): ERROR.
2025-07-04 20:28:44,792 [WARNING] fetch_kline.py:131 Tushare 拉取 002845 失败(2/3): ERROR.
2025-07-04 20:28:46,061 [WARNING] fetch_kline.py:131 Tushare 拉取 002841 失败(3/3): ERROR.
2025-07-04 20:28:48,231 [WARNING] fetch_kline.py:131 Tushare 拉取 002845 失败(3/3): ERROR.
2025-07-04 20:28:49,054 [WARNING] fetch_kline.py:131 Tushare 拉取 002843 失败(3/3): ERROR.
2025-07-04 20:28:54,200 [WARNING] fetch_kline.py:131 Tushare 拉取 002846 失败(1/3): ERROR.
2025-07-04 20:28:54,974 [WARNING] fetch_kline.py:131 Tushare 拉取 002847 失败(1/3): ERROR.
2025-07-04 20:28:55,056 [WARNING] fetch_kline.py:131 Tushare 拉取 002850 失败(1/3): ERROR.
2025-07-04 20:29:27,899 [WARNING] fetch_kline.py:131 Tushare 拉取 300217 失败(1/3): ERROR.
2025-07-04 20:29:27,945 [WARNING] fetch_kline.py:131 Tushare 拉取 300222 失败(1/3): ERROR.
2025-07-04 20:29:30,589 [WARNING] fetch_kline.py:131 Tushare 拉取 300222 失败(2/3): ERROR.
2025-07-04 20:29:30,687 [WARNING] fetch_kline.py:131 Tushare 拉取 300217 失败(2/3): ERROR.
2025-07-04 20:29:33,831 [WARNING] fetch_kline.py:131 Tushare 拉取 300222 失败(3/3): ERROR.
2025-07-04 20:29:34,044 [WARNING] fetch_kline.py:131 Tushare 拉取 300217 失败(3/3): ERROR.
2025-07-04 20:29:40,496 [WARNING] fetch_kline.py:131 Tushare 拉取 300223 失败(1/3): ERROR.
2025-07-04 20:29:40,669 [WARNING] fetch_kline.py:131 Tushare 拉取 300224 失败(1/3): ERROR.
2025-07-04 20:29:44,499 [WARNING] fetch_kline.py:131 Tushare 拉取 300224 失败(2/3): ERROR.
2025-07-04 20:29:44,541 [WARNING] fetch_kline.py:131 Tushare 拉取 300223 失败(2/3): ERROR.
2025-07-04 20:29:44,971 [WARNING] fetch_kline.py:131 Tushare 拉取 300057 失败(1/3): ERROR.
2025-07-04 20:29:46,857 [WARNING] fetch_kline.py:131 Tushare 拉取 300057 失败(2/3): ERROR.
2025-07-04 20:29:47,561 [WARNING] fetch_kline.py:131 Tushare 拉取 300223 失败(3/3): ERROR.
2025-07-04 20:29:47,722 [WARNING] fetch_kline.py:131 Tushare 拉取 300224 失败(3/3): ERROR.
2025-07-04 20:29:51,991 [WARNING] fetch_kline.py:131 Tushare 拉取 300057 失败(3/3): ERROR.
2025-07-04 20:29:53,169 [WARNING] fetch_kline.py:131 Tushare 拉取 300226 失败(1/3): ERROR.
2025-07-04 20:29:53,327 [WARNING] fetch_kline.py:131 Tushare 拉取 300229 失败(1/3): ERROR.
2025-07-04 20:29:57,631 [WARNING] fetch_kline.py:131 Tushare 拉取 300229 失败(2/3): ERROR.
2025-07-04 20:29:57,640 [WARNING] fetch_kline.py:131 Tushare 拉取 300226 失败(2/3): ERROR.
2025-07-04 20:29:57,691 [WARNING] fetch_kline.py:131 Tushare 拉取 300231 失败(1/3): ERROR.
2025-07-04 20:30:23,016 [WARNING] fetch_kline.py:131 Tushare 拉取 300641 失败(1/3): ERROR.
2025-07-04 20:30:23,156 [WARNING] fetch_kline.py:131 Tushare 拉取 300648 失败(1/3): ERROR.
2025-07-04 20:30:23,703 [WARNING] fetch_kline.py:131 Tushare 拉取 300633 失败(1/3): ERROR.
2025-07-04 20:30:26,817 [WARNING] fetch_kline.py:131 Tushare 拉取 300641 失败(2/3): ERROR.
2025-07-04 20:30:26,897 [WARNING] fetch_kline.py:131 Tushare 拉取 300648 失败(2/3): ERROR.
2025-07-04 20:30:28,296 [WARNING] fetch_kline.py:131 Tushare 拉取 300633 失败(2/3): ERROR.
2025-07-04 20:30:30,955 [WARNING] fetch_kline.py:131 Tushare 拉取 300648 失败(3/3): ERROR.
2025-07-04 20:30:30,999 [WARNING] fetch_kline.py:131 Tushare 拉取 300641 失败(3/3): ERROR.
2025-07-04 20:30:37,663 [WARNING] fetch_kline.py:131 Tushare 拉取 300655 失败(1/3): ERROR.
2025-07-04 20:30:37,905 [WARNING] fetch_kline.py:131 Tushare 拉取 300652 失败(1/3): ERROR.
2025-07-04 20:30:42,366 [WARNING] fetch_kline.py:131 Tushare 拉取 300652 失败(2/3): ERROR.
2025-07-04 20:30:43,340 [WARNING] fetch_kline.py:131 Tushare 拉取 300655 失败(2/3): ERROR.
2025-07-04 20:30:47,348 [WARNING] fetch_kline.py:131 Tushare 拉取 300652 失败(3/3): ERROR.
2025-07-04 20:30:47,738 [WARNING] fetch_kline.py:131 Tushare 拉取 300655 失败(3/3): ERROR.
2025-07-04 20:30:54,414 [WARNING] fetch_kline.py:131 Tushare 拉取 300657 失败(1/3): ERROR.
2025-07-04 20:30:54,617 [WARNING] fetch_kline.py:131 Tushare 拉取 300660 失败(1/3): ERROR.
2025-07-04 20:30:56,631 [WARNING] fetch_kline.py:131 Tushare 拉取 300660 失败(2/3): ERROR.
2025-07-04 20:30:56,771 [WARNING] fetch_kline.py:131 Tushare 拉取 300657 失败(2/3): ERROR.
2025-07-04 20:31:22,918 [WARNING] fetch_kline.py:131 Tushare 拉取 301208 失败(1/3): ERROR.
2025-07-04 20:31:23,037 [WARNING] fetch_kline.py:131 Tushare 拉取 301209 失败(1/3): ERROR.
2025-07-04 20:31:24,890 [WARNING] fetch_kline.py:131 Tushare 拉取 301208 失败(2/3): ERROR.
2025-07-04 20:31:25,747 [WARNING] fetch_kline.py:131 Tushare 拉取 301209 失败(2/3): ERROR.
2025-07-04 20:31:30,408 [WARNING] fetch_kline.py:131 Tushare 拉取 301208 失败(3/3): ERROR.
2025-07-04 20:31:30,502 [WARNING] fetch_kline.py:131 Tushare 拉取 301209 失败(3/3): ERROR.
2025-07-04 20:31:38,300 [WARNING] fetch_kline.py:131 Tushare 拉取 301211 失败(1/3): ERROR.
2025-07-04 20:31:38,467 [WARNING] fetch_kline.py:131 Tushare 拉取 301215 失败(1/3): ERROR.
2025-07-04 20:31:41,606 [WARNING] fetch_kline.py:131 Tushare 拉取 301215 失败(2/3): ERROR.
2025-07-04 20:31:41,606 [WARNING] fetch_kline.py:131 Tushare 拉取 301211 失败(2/3): ERROR.
2025-07-04 20:31:46,563 [WARNING] fetch_kline.py:131 Tushare 拉取 301215 失败(3/3): ERROR.
2025-07-04 20:31:46,714 [WARNING] fetch_kline.py:131 Tushare 拉取 301211 失败(3/3): ERROR.
2025-07-04 20:31:50,937 [WARNING] fetch_kline.py:131 Tushare 拉取 301071 失败(1/3): ERROR.
2025-07-04 20:31:51,186 [WARNING] fetch_kline.py:131 Tushare 拉取 301216 失败(1/3): ERROR.
2025-07-04 20:31:54,093 [WARNING] fetch_kline.py:131 Tushare 拉取 301217 失败(1/3): ERROR.
2025-07-04 20:31:54,273 [WARNING] fetch_kline.py:131 Tushare 拉取 301216 失败(2/3): ERROR.
2025-07-04 20:31:54,371 [WARNING] fetch_kline.py:131 Tushare 拉取 301071 失败(2/3): ERROR.
2025-07-04 20:31:57,874 [WARNING] fetch_kline.py:131 Tushare 拉取 301217 失败(2/3): ERROR.
2025-07-04 20:31:58,440 [WARNING] fetch_kline.py:131 Tushare 拉取 301071 失败(3/3): ERROR.
2025-07-04 20:31:58,470 [WARNING] fetch_kline.py:131 Tushare 拉取 301216 失败(3/3): ERROR.
2025-07-04 20:32:33,133 [WARNING] fetch_kline.py:131 Tushare 拉取 600157 失败(1/3): ERROR.
2025-07-04 20:32:33,134 [WARNING] fetch_kline.py:131 Tushare 拉取 600153 失败(1/3): ERROR.
2025-07-04 20:32:33,536 [WARNING] fetch_kline.py:131 Tushare 拉取 600155 失败(1/3): ERROR.
2025-07-04 20:32:35,558 [WARNING] fetch_kline.py:131 Tushare 拉取 600155 失败(2/3): ERROR.
2025-07-04 20:32:35,687 [WARNING] fetch_kline.py:131 Tushare 拉取 600153 失败(2/3): ERROR.
2025-07-04 20:32:35,865 [WARNING] fetch_kline.py:131 Tushare 拉取 600157 失败(2/3): ERROR.
2025-07-04 20:32:40,476 [WARNING] fetch_kline.py:131 Tushare 拉取 600157 失败(3/3): ERROR.
2025-07-04 20:32:40,476 [WARNING] fetch_kline.py:131 Tushare 拉取 600155 失败(3/3): ERROR.
2025-07-04 20:32:40,505 [WARNING] fetch_kline.py:131 Tushare 拉取 600153 失败(3/3): ERROR.
2025-07-04 20:32:45,571 [WARNING] fetch_kline.py:131 Tushare 拉取 600158 失败(1/3): ERROR.
2025-07-04 20:32:45,766 [WARNING] fetch_kline.py:131 Tushare 拉取 600160 失败(1/3): ERROR.
2025-07-04 20:32:45,840 [WARNING] fetch_kline.py:131 Tushare 拉取 600161 失败(1/3): ERROR.
2025-07-04 20:32:49,163 [WARNING] fetch_kline.py:131 Tushare 拉取 600158 失败(2/3): ERROR.
2025-07-04 20:32:49,346 [WARNING] fetch_kline.py:131 Tushare 拉取 600161 失败(2/3): ERROR.
2025-07-04 20:32:49,364 [WARNING] fetch_kline.py:131 Tushare 拉取 600160 失败(2/3): ERROR.
2025-07-04 20:32:53,228 [WARNING] fetch_kline.py:131 Tushare 拉取 600158 失败(3/3): ERROR.
2025-07-04 20:32:54,076 [WARNING] fetch_kline.py:131 Tushare 拉取 600161 失败(3/3): ERROR.
2025-07-04 20:32:54,201 [WARNING] fetch_kline.py:131 Tushare 拉取 600160 失败(3/3): ERROR.
2025-07-04 20:32:57,521 [WARNING] fetch_kline.py:131 Tushare 拉取 600162 失败(1/3): ERROR.
2025-07-04 20:33:00,606 [WARNING] fetch_kline.py:131 Tushare 拉取 600163 失败(1/3): ERROR.
2025-07-04 20:33:00,906 [WARNING] fetch_kline.py:131 Tushare 拉取 600166 失败(1/3): ERROR.
2025-07-04 20:33:01,570 [WARNING] fetch_kline.py:131 Tushare 拉取 600162 失败(2/3): ERROR.
2025-07-04 20:33:30,091 [WARNING] fetch_kline.py:131 Tushare 拉取 600557 失败(1/3): ERROR.
2025-07-04 20:33:30,297 [WARNING] fetch_kline.py:131 Tushare 拉取 600559 失败(1/3): ERROR.
2025-07-04 20:33:30,335 [WARNING] fetch_kline.py:131 Tushare 拉取 600556 失败(1/3): ERROR.
2025-07-04 20:33:32,458 [WARNING] fetch_kline.py:131 Tushare 拉取 600557 失败(2/3): ERROR.
2025-07-04 20:33:32,507 [WARNING] fetch_kline.py:131 Tushare 拉取 600556 失败(2/3): ERROR.
2025-07-04 20:33:32,859 [WARNING] fetch_kline.py:131 Tushare 拉取 600559 失败(2/3): ERROR.
2025-07-04 20:33:37,435 [WARNING] fetch_kline.py:131 Tushare 拉取 600557 失败(3/3): ERROR.
2025-07-04 20:33:38,040 [WARNING] fetch_kline.py:131 Tushare 拉取 600556 失败(3/3): ERROR.
2025-07-04 20:33:38,166 [WARNING] fetch_kline.py:131 Tushare 拉取 600559 失败(3/3): ERROR.
2025-07-04 20:33:41,979 [WARNING] fetch_kline.py:131 Tushare 拉取 600562 失败(1/3): ERROR.
2025-07-04 20:33:42,471 [WARNING] fetch_kline.py:131 Tushare 拉取 600563 失败(1/3): ERROR.
2025-07-04 20:33:44,492 [WARNING] fetch_kline.py:131 Tushare 拉取 600563 失败(2/3): ERROR.
2025-07-04 20:33:44,765 [WARNING] fetch_kline.py:131 Tushare 拉取 600562 失败(2/3): ERROR.
2025-07-04 20:33:44,972 [WARNING] fetch_kline.py:131 Tushare 拉取 600566 失败(1/3): ERROR.
2025-07-04 20:33:49,419 [WARNING] fetch_kline.py:131 Tushare 拉取 600563 失败(3/3): ERROR.
2025-07-04 20:33:49,493 [WARNING] fetch_kline.py:131 Tushare 拉取 600562 失败(3/3): ERROR.
2025-07-04 20:33:49,838 [WARNING] fetch_kline.py:131 Tushare 拉取 600566 失败(2/3): ERROR.
2025-07-04 20:33:54,456 [WARNING] fetch_kline.py:131 Tushare 拉取 600566 失败(3/3): ERROR.
2025-07-04 20:33:54,473 [WARNING] fetch_kline.py:131 Tushare 拉取 600567 失败(1/3): ERROR.
2025-07-04 20:33:54,579 [WARNING] fetch_kline.py:131 Tushare 拉取 600569 失败(1/3): ERROR.
2025-07-04 20:33:57,584 [WARNING] fetch_kline.py:131 Tushare 拉取 600567 失败(2/3): ERROR.
2025-07-04 20:33:58,377 [WARNING] fetch_kline.py:131 Tushare 拉取 600569 失败(2/3): ERROR.
2025-07-04 20:33:58,875 [WARNING] fetch_kline.py:131 Tushare 拉取 600570 失败(1/3): ERROR.
2025-07-04 20:34:22,488 [WARNING] fetch_kline.py:131 Tushare 拉取 600901 失败(1/3): ERROR.
2025-07-04 20:34:22,488 [WARNING] fetch_kline.py:131 Tushare 拉取 600903 失败(1/3): ERROR.
2025-07-04 20:34:22,514 [WARNING] fetch_kline.py:131 Tushare 拉取 600905 失败(1/3): ERROR.
2025-07-04 20:34:24,623 [WARNING] fetch_kline.py:131 Tushare 拉取 600905 失败(2/3): ERROR.
2025-07-04 20:34:24,625 [WARNING] fetch_kline.py:131 Tushare 拉取 600903 失败(2/3): ERROR.
2025-07-04 20:34:24,992 [WARNING] fetch_kline.py:131 Tushare 拉取 600901 失败(2/3): ERROR.
2025-07-04 20:34:27,808 [WARNING] fetch_kline.py:131 Tushare 拉取 600901 失败(3/3): ERROR.
2025-07-04 20:34:28,010 [WARNING] fetch_kline.py:131 Tushare 拉取 600903 失败(3/3): ERROR.
2025-07-04 20:34:28,306 [WARNING] fetch_kline.py:131 Tushare 拉取 600905 失败(3/3): ERROR.
2025-07-04 20:34:32,246 [WARNING] fetch_kline.py:131 Tushare 拉取 600906 失败(1/3): ERROR.
2025-07-04 20:34:33,980 [WARNING] fetch_kline.py:131 Tushare 拉取 600908 失败(1/3): ERROR.
2025-07-04 20:34:34,050 [WARNING] fetch_kline.py:131 Tushare 拉取 600909 失败(1/3): ERROR.
2025-07-04 20:34:35,407 [WARNING] fetch_kline.py:131 Tushare 拉取 600906 失败(2/3): ERROR.
2025-07-04 20:34:35,874 [WARNING] fetch_kline.py:131 Tushare 拉取 600908 失败(2/3): ERROR.
2025-07-04 20:34:35,997 [WARNING] fetch_kline.py:131 Tushare 拉取 600909 失败(2/3): ERROR.
2025-07-04 20:34:39,113 [WARNING] fetch_kline.py:131 Tushare 拉取 600908 失败(3/3): ERROR.
2025-07-04 20:34:39,375 [WARNING] fetch_kline.py:131 Tushare 拉取 600909 失败(3/3): ERROR.
2025-07-04 20:34:40,501 [WARNING] fetch_kline.py:131 Tushare 拉取 600906 失败(3/3): ERROR.
2025-07-04 20:34:43,260 [WARNING] fetch_kline.py:131 Tushare 拉取 600916 失败(1/3): ERROR.
2025-07-04 20:34:44,228 [WARNING] fetch_kline.py:131 Tushare 拉取 600917 失败(1/3): ERROR.
2025-07-04 20:34:45,230 [WARNING] fetch_kline.py:131 Tushare 拉取 600918 失败(1/3): ERROR.
2025-07-04 20:34:45,734 [WARNING] fetch_kline.py:131 Tushare 拉取 600916 失败(2/3): ERROR.
2025-07-04 20:34:46,250 [WARNING] fetch_kline.py:131 Tushare 拉取 600917 失败(2/3): ERROR.
2025-07-04 20:34:47,799 [WARNING] fetch_kline.py:131 Tushare 拉取 600918 失败(2/3): ERROR.
2025-07-04 20:34:49,146 [WARNING] fetch_kline.py:131 Tushare 拉取 600916 失败(3/3): ERROR.
2025-07-04 20:34:50,951 [WARNING] fetch_kline.py:131 Tushare 拉取 600918 失败(3/3): ERROR.
2025-07-04 20:34:51,514 [WARNING] fetch_kline.py:131 Tushare 拉取 600917 失败(3/3): ERROR.
2025-07-04 20:34:55,300 [WARNING] fetch_kline.py:131 Tushare 拉取 600919 失败(1/3): ERROR.
2025-07-04 20:34:56,955 [WARNING] fetch_kline.py:131 Tushare 拉取 600925 失败(1/3): ERROR.
2025-07-04 20:34:57,346 [WARNING] fetch_kline.py:131 Tushare 拉取 600926 失败(1/3): ERROR.
2025-07-04 20:34:58,043 [WARNING] fetch_kline.py:131 Tushare 拉取 600919 失败(2/3): ERROR.
2025-07-04 20:34:58,978 [WARNING] fetch_kline.py:131 Tushare 拉取 600925 失败(2/3): ERROR.
2025-07-04 20:34:59,361 [WARNING] fetch_kline.py:131 Tushare 拉取 600926 失败(2/3): ERROR.
2025-07-04 20:35:01,085 [WARNING] fetch_kline.py:131 Tushare 拉取 600919 失败(3/3): ERROR.
2025-07-04 20:35:30,323 [WARNING] fetch_kline.py:131 Tushare 拉取 601825 失败(1/3): ERROR.
2025-07-04 20:35:30,413 [WARNING] fetch_kline.py:131 Tushare 拉取 601827 失败(1/3): ERROR.
2025-07-04 20:35:32,167 [WARNING] fetch_kline.py:131 Tushare 拉取 601825 失败(2/3): ERROR.
2025-07-04 20:35:32,386 [WARNING] fetch_kline.py:131 Tushare 拉取 601827 失败(2/3): ERROR.
2025-07-04 20:35:36,957 [WARNING] fetch_kline.py:131 Tushare 拉取 601825 失败(3/3): ERROR.
2025-07-04 20:35:36,965 [WARNING] fetch_kline.py:131 Tushare 拉取 601827 失败(3/3): ERROR.
2025-07-04 20:35:42,466 [WARNING] fetch_kline.py:131 Tushare 拉取 601106 失败(1/3): ERROR.
2025-07-04 20:35:42,532 [WARNING] fetch_kline.py:131 Tushare 拉取 601828 失败(1/3): ERROR.
2025-07-04 20:35:42,592 [WARNING] fetch_kline.py:131 Tushare 拉取 601838 失败(1/3): ERROR.
2025-07-04 20:35:45,812 [WARNING] fetch_kline.py:131 Tushare 拉取 601828 失败(2/3): ERROR.
2025-07-04 20:35:46,111 [WARNING] fetch_kline.py:131 Tushare 拉取 601838 失败(2/3): ERROR.
2025-07-04 20:35:46,260 [WARNING] fetch_kline.py:131 Tushare 拉取 601106 失败(2/3): ERROR.
2025-07-04 20:35:50,657 [WARNING] fetch_kline.py:131 Tushare 拉取 601838 失败(3/3): ERROR.
2025-07-04 20:35:50,987 [WARNING] fetch_kline.py:131 Tushare 拉取 601106 失败(3/3): ERROR.
2025-07-04 20:35:51,378 [WARNING] fetch_kline.py:131 Tushare 拉取 601828 失败(3/3): ERROR.
2025-07-04 20:35:55,778 [WARNING] fetch_kline.py:131 Tushare 拉取 601857 失败(1/3): ERROR.
2025-07-04 20:35:58,302 [WARNING] fetch_kline.py:131 Tushare 拉取 601860 失败(1/3): ERROR.
2025-07-04 20:35:58,596 [WARNING] fetch_kline.py:131 Tushare 拉取 601857 失败(2/3): ERROR.
2025-07-04 20:35:58,688 [WARNING] fetch_kline.py:131 Tushare 拉取 601858 失败(1/3): ERROR.
2025-07-04 20:36:26,805 [WARNING] fetch_kline.py:131 Tushare 拉取 603368 失败(1/3): ERROR.
2025-07-04 20:36:26,992 [WARNING] fetch_kline.py:131 Tushare 拉取 603369 失败(1/3): ERROR.
2025-07-04 20:36:28,072 [WARNING] fetch_kline.py:131 Tushare 拉取 603379 失败(1/3): ERROR.
2025-07-04 20:36:28,933 [WARNING] fetch_kline.py:131 Tushare 拉取 603369 失败(2/3): ERROR.
2025-07-04 20:36:28,934 [WARNING] fetch_kline.py:131 Tushare 拉取 603368 失败(2/3): ERROR.
2025-07-04 20:36:30,114 [WARNING] fetch_kline.py:131 Tushare 拉取 603379 失败(2/3): ERROR.
2025-07-04 20:36:32,271 [WARNING] fetch_kline.py:131 Tushare 拉取 603369 失败(3/3): ERROR.
2025-07-04 20:36:33,166 [WARNING] fetch_kline.py:131 Tushare 拉取 603368 失败(3/3): ERROR.
2025-07-04 20:36:33,468 [WARNING] fetch_kline.py:131 Tushare 拉取 603379 失败(3/3): ERROR.
2025-07-04 20:36:37,945 [WARNING] fetch_kline.py:131 Tushare 拉取 603381 失败(1/3): ERROR.
2025-07-04 20:36:38,671 [WARNING] fetch_kline.py:131 Tushare 拉取 603382 失败(1/3): ERROR.
2025-07-04 20:36:39,372 [WARNING] fetch_kline.py:131 Tushare 拉取 603383 失败(1/3): ERROR.
2025-07-04 20:36:41,385 [WARNING] fetch_kline.py:131 Tushare 拉取 603381 失败(2/3): ERROR.
2025-07-04 20:36:41,522 [WARNING] fetch_kline.py:131 Tushare 拉取 603383 失败(2/3): ERROR.
2025-07-04 20:36:41,559 [WARNING] fetch_kline.py:131 Tushare 拉取 603382 失败(2/3): ERROR.
2025-07-04 20:36:44,342 [WARNING] fetch_kline.py:131 Tushare 拉取 603381 失败(3/3): ERROR.
2025-07-04 20:36:45,419 [WARNING] fetch_kline.py:131 Tushare 拉取 603382 失败(3/3): ERROR.
2025-07-04 20:36:45,562 [WARNING] fetch_kline.py:131 Tushare 拉取 603383 失败(3/3): ERROR.
2025-07-04 20:36:48,861 [WARNING] fetch_kline.py:131 Tushare 拉取 603392 失败(1/3): ERROR.
2025-07-04 20:36:50,843 [WARNING] fetch_kline.py:131 Tushare 拉取 603393 失败(1/3): ERROR.
2025-07-04 20:36:51,011 [WARNING] fetch_kline.py:131 Tushare 拉取 603392 失败(2/3): ERROR.
2025-07-04 20:36:51,522 [WARNING] fetch_kline.py:131 Tushare 拉取 603395 失败(1/3): ERROR.
2025-07-04 20:36:53,081 [WARNING] fetch_kline.py:131 Tushare 拉取 603393 失败(2/3): ERROR.
2025-07-04 20:36:54,482 [WARNING] fetch_kline.py:131 Tushare 拉取 603395 失败(2/3): ERROR.
2025-07-04 20:36:55,052 [WARNING] fetch_kline.py:131 Tushare 拉取 603392 失败(3/3): ERROR.
2025-07-04 20:36:56,113 [WARNING] fetch_kline.py:131 Tushare 拉取 603393 失败(3/3): ERROR.
2025-07-04 20:36:58,276 [WARNING] fetch_kline.py:131 Tushare 拉取 603395 失败(3/3): ERROR.
2025-07-04 20:37:01,424 [WARNING] fetch_kline.py:131 Tushare 拉取 603400 失败(1/3): ERROR.
2025-07-04 20:37:02,565 [WARNING] fetch_kline.py:131 Tushare 拉取 603416 失败(1/3): ERROR.
2025-07-04 20:37:24,981 [WARNING] fetch_kline.py:131 Tushare 拉取 688029 失败(1/3): ERROR.
2025-07-04 20:37:25,115 [WARNING] fetch_kline.py:131 Tushare 拉取 688031 失败(1/3): ERROR.
2025-07-04 20:37:25,151 [WARNING] fetch_kline.py:131 Tushare 拉取 688032 失败(1/3): ERROR.
2025-07-04 20:37:27,505 [WARNING] fetch_kline.py:131 Tushare 拉取 688029 失败(2/3): ERROR.
2025-07-04 20:37:27,850 [WARNING] fetch_kline.py:131 Tushare 拉取 688031 失败(2/3): ERROR.
2025-07-04 20:37:27,851 [WARNING] fetch_kline.py:131 Tushare 拉取 688032 失败(2/3): ERROR.
2025-07-04 20:37:30,817 [WARNING] fetch_kline.py:131 Tushare 拉取 688032 失败(3/3): ERROR.
2025-07-04 20:37:30,862 [WARNING] fetch_kline.py:131 Tushare 拉取 688031 失败(3/3): ERROR.
2025-07-04 20:37:31,663 [WARNING] fetch_kline.py:131 Tushare 拉取 688029 失败(3/3): ERROR.
2025-07-04 20:37:35,519 [WARNING] fetch_kline.py:131 Tushare 拉取 688035 失败(1/3): ERROR.
2025-07-04 20:37:35,987 [WARNING] fetch_kline.py:131 Tushare 拉取 688036 失败(1/3): ERROR.
2025-07-04 20:37:37,063 [WARNING] fetch_kline.py:131 Tushare 拉取 688037 失败(1/3): ERROR.
2025-07-04 20:37:38,219 [WARNING] fetch_kline.py:131 Tushare 拉取 688035 失败(2/3): ERROR.
2025-07-04 20:37:38,702 [WARNING] fetch_kline.py:131 Tushare 拉取 688036 失败(2/3): ERROR.
2025-07-04 20:37:39,085 [WARNING] fetch_kline.py:131 Tushare 拉取 688037 失败(2/3): ERROR.
2025-07-04 20:37:41,692 [WARNING] fetch_kline.py:131 Tushare 拉取 688035 失败(3/3): ERROR.
2025-07-04 20:37:42,193 [WARNING] fetch_kline.py:131 Tushare 拉取 688036 失败(3/3): ERROR.
2025-07-04 20:37:42,808 [WARNING] fetch_kline.py:131 Tushare 拉取 688037 失败(3/3): ERROR.
2025-07-04 20:37:47,609 [WARNING] fetch_kline.py:131 Tushare 拉取 688041 失败(1/3): ERROR.
2025-07-04 20:37:47,740 [WARNING] fetch_kline.py:131 Tushare 拉取 688046 失败(1/3): ERROR.
2025-07-04 20:37:47,831 [WARNING] fetch_kline.py:131 Tushare 拉取 688047 失败(1/3): ERROR.
2025-07-04 20:37:49,961 [WARNING] fetch_kline.py:131 Tushare 拉取 688041 失败(2/3): ERROR.
2025-07-04 20:37:50,023 [WARNING] fetch_kline.py:131 Tushare 拉取 688046 失败(2/3): ERROR.
2025-07-04 20:37:50,455 [WARNING] fetch_kline.py:131 Tushare 拉取 688047 失败(2/3): ERROR.
2025-07-04 20:37:53,288 [WARNING] fetch_kline.py:131 Tushare 拉取 688046 失败(3/3): ERROR.
2025-07-04 20:37:53,674 [WARNING] fetch_kline.py:131 Tushare 拉取 688047 失败(3/3): ERROR.
2025-07-04 20:37:54,007 [WARNING] fetch_kline.py:131 Tushare 拉取 688041 失败(3/3): ERROR.
2025-07-04 20:37:58,198 [WARNING] fetch_kline.py:131 Tushare 拉取 688048 失败(1/3): ERROR.
2025-07-04 20:37:59,633 [WARNING] fetch_kline.py:131 Tushare 拉取 688049 失败(1/3): ERROR.
2025-07-04 20:37:59,830 [WARNING] fetch_kline.py:131 Tushare 拉取 688050 失败(1/3): ERROR.
2025-07-04 20:38:00,976 [WARNING] fetch_kline.py:131 Tushare 拉取 688048 失败(2/3): ERROR.
2025-07-04 20:38:01,826 [WARNING] fetch_kline.py:131 Tushare 拉取 688049 失败(2/3): ERROR.
2025-07-04 20:38:02,449 [WARNING] fetch_kline.py:131 Tushare 拉取 688050 失败(2/3): ERROR.
2025-07-04 20:38:27,470 [WARNING] fetch_kline.py:131 Tushare 拉取 688508 失败(1/3): ERROR.
2025-07-04 20:38:27,596 [WARNING] fetch_kline.py:131 Tushare 拉取 688510 失败(1/3): ERROR.
2025-07-04 20:38:27,633 [WARNING] fetch_kline.py:131 Tushare 拉取 688513 失败(1/3): ERROR.
2025-07-04 20:38:30,537 [WARNING] fetch_kline.py:131 Tushare 拉取 688508 失败(2/3): ERROR.
2025-07-04 20:38:30,617 [WARNING] fetch_kline.py:131 Tushare 拉取 688510 失败(2/3): ERROR.
2025-07-04 20:38:30,663 [WARNING] fetch_kline.py:131 Tushare 拉取 688513 失败(2/3): ERROR.
2025-07-04 20:38:33,666 [WARNING] fetch_kline.py:131 Tushare 拉取 688508 失败(3/3): ERROR.
2025-07-04 20:38:33,770 [WARNING] fetch_kline.py:131 Tushare 拉取 688510 失败(3/3): ERROR.
2025-07-04 20:38:35,319 [WARNING] fetch_kline.py:131 Tushare 拉取 688513 失败(3/3): ERROR.
2025-07-04 20:38:37,918 [WARNING] fetch_kline.py:131 Tushare 拉取 688515 失败(1/3): ERROR.
2025-07-04 20:38:39,677 [WARNING] fetch_kline.py:131 Tushare 拉取 688516 失败(1/3): ERROR.
2025-07-04 20:38:40,634 [WARNING] fetch_kline.py:131 Tushare 拉取 688515 失败(2/3): ERROR.
2025-07-04 20:38:41,876 [WARNING] fetch_kline.py:131 Tushare 拉取 688516 失败(2/3): ERROR.
2025-07-04 20:38:41,971 [WARNING] fetch_kline.py:131 Tushare 拉取 688518 失败(1/3): ERROR.
2025-07-04 20:38:46,337 [WARNING] fetch_kline.py:131 Tushare 拉取 688515 失败(3/3): ERROR.
2025-07-04 20:38:46,394 [WARNING] fetch_kline.py:131 Tushare 拉取 688518 失败(2/3): ERROR.
2025-07-04 20:38:46,762 [WARNING] fetch_kline.py:131 Tushare 拉取 688516 失败(3/3): ERROR.
2025-07-04 20:38:50,577 [WARNING] fetch_kline.py:131 Tushare 拉取 688518 失败(3/3): ERROR.
2025-07-04 20:38:51,284 [WARNING] fetch_kline.py:131 Tushare 拉取 688519 失败(1/3): ERROR.
2025-07-04 20:38:55,010 [WARNING] fetch_kline.py:131 Tushare 拉取 688519 失败(2/3): ERROR.
2025-07-04 20:38:55,101 [WARNING] fetch_kline.py:131 Tushare 拉取 688520 失败(1/3): ERROR.
2025-07-04 20:38:55,923 [WARNING] fetch_kline.py:131 Tushare 拉取 688521 失败(1/3): ERROR.
2025-07-04 20:38:58,240 [WARNING] fetch_kline.py:131 Tushare 拉取 688520 失败(2/3): ERROR.
2025-07-04 20:38:58,254 [WARNING] fetch_kline.py:131 Tushare 拉取 688521 失败(2/3): ERROR.
2025-07-04 20:38:58,707 [WARNING] fetch_kline.py:131 Tushare 拉取 688519 失败(3/3): ERROR.
2025-07-04 20:39:03,102 [WARNING] fetch_kline.py:131 Tushare 拉取 688520 失败(3/3): ERROR.
2025-07-04 20:39:03,509 [WARNING] fetch_kline.py:131 Tushare 拉取 688521 失败(3/3): ERROR.
2025-07-04 20:39:46,725 [INFO] fetch_kline.py:362 全部任务完成，数据已保存至 /Users/mawenhao/Desktop/code/股票抓取/StockTradebyZ/data
2025-07-04 21:09:46,029 [INFO] fetch_kline.py:81 筛选得到 3026 只股票
2025-07-04 21:09:46,030 [INFO] fetch_kline.py:335 开始抓取 3026 支股票 | 数据源:tushare | 频率:day | 日期:20240101 → 20250704
2025-07-04 21:10:04,468 [WARNING] fetch_kline.py:131 Tushare 拉取 000796 失败(1/3): ERROR.
2025-07-04 21:10:04,707 [WARNING] fetch_kline.py:131 Tushare 拉取 000801 失败(1/3): ERROR.
2025-07-04 21:10:04,708 [WARNING] fetch_kline.py:131 Tushare 拉取 000800 失败(1/3): ERROR.
2025-07-04 21:10:06,771 [WARNING] fetch_kline.py:131 Tushare 拉取 000801 失败(2/3): ERROR.
2025-07-04 21:10:07,175 [WARNING] fetch_kline.py:131 Tushare 拉取 000796 失败(2/3): ERROR.
2025-07-04 21:10:07,336 [WARNING] fetch_kline.py:131 Tushare 拉取 000800 失败(2/3): ERROR.
2025-07-04 21:10:10,288 [WARNING] fetch_kline.py:131 Tushare 拉取 000801 失败(3/3): ERROR.
2025-07-04 21:10:11,249 [WARNING] fetch_kline.py:131 Tushare 拉取 000796 失败(3/3): ERROR.
2025-07-04 21:10:11,819 [WARNING] fetch_kline.py:131 Tushare 拉取 000800 失败(3/3): ERROR.
2025-07-04 21:10:14,940 [WARNING] fetch_kline.py:131 Tushare 拉取 000807 失败(1/3): ERROR.
2025-07-04 21:10:16,261 [WARNING] fetch_kline.py:131 Tushare 拉取 000810 失败(1/3): ERROR.
2025-07-04 21:10:16,819 [WARNING] fetch_kline.py:131 Tushare 拉取 000807 失败(2/3): ERROR.
2025-07-04 21:10:17,090 [WARNING] fetch_kline.py:131 Tushare 拉取 000811 失败(1/3): ERROR.
2025-07-04 21:10:18,665 [WARNING] fetch_kline.py:131 Tushare 拉取 000810 失败(2/3): ERROR.
2025-07-04 21:10:18,989 [WARNING] fetch_kline.py:131 Tushare 拉取 000811 失败(2/3): ERROR.
2025-07-04 21:10:19,756 [WARNING] fetch_kline.py:131 Tushare 拉取 000807 失败(3/3): ERROR.
2025-07-04 21:10:21,895 [WARNING] fetch_kline.py:131 Tushare 拉取 000810 失败(3/3): ERROR.
2025-07-04 21:10:22,901 [WARNING] fetch_kline.py:131 Tushare 拉取 000811 失败(3/3): ERROR.
2025-07-04 21:10:25,800 [WARNING] fetch_kline.py:131 Tushare 拉取 000813 失败(1/3): ERROR.
2025-07-04 21:10:26,039 [WARNING] fetch_kline.py:131 Tushare 拉取 000815 失败(1/3): ERROR.
2025-07-04 21:10:27,608 [WARNING] fetch_kline.py:131 Tushare 拉取 000818 失败(1/3): ERROR.
2025-07-04 21:10:27,883 [WARNING] fetch_kline.py:131 Tushare 拉取 000815 失败(2/3): ERROR.
2025-07-04 21:10:27,923 [WARNING] fetch_kline.py:131 Tushare 拉取 000813 失败(2/3): ERROR.
2025-07-04 21:10:29,602 [WARNING] fetch_kline.py:131 Tushare 拉取 000818 失败(2/3): ERROR.
2025-07-04 21:10:31,012 [WARNING] fetch_kline.py:131 Tushare 拉取 000815 失败(3/3): ERROR.
2025-07-04 21:10:31,821 [WARNING] fetch_kline.py:131 Tushare 拉取 000813 失败(3/3): ERROR.
2025-07-04 21:10:33,113 [WARNING] fetch_kline.py:131 Tushare 拉取 000818 失败(3/3): ERROR.
2025-07-04 21:10:35,972 [WARNING] fetch_kline.py:131 Tushare 拉取 000819 失败(1/3): ERROR.
2025-07-04 21:10:36,593 [WARNING] fetch_kline.py:131 Tushare 拉取 000821 失败(1/3): ERROR.
2025-07-04 21:10:37,054 [WARNING] fetch_kline.py:131 Tushare 拉取 000822 失败(1/3): ERROR.
2025-07-04 21:10:38,566 [WARNING] fetch_kline.py:131 Tushare 拉取 000819 失败(2/3): ERROR.
2025-07-04 21:10:39,141 [WARNING] fetch_kline.py:131 Tushare 拉取 000821 失败(2/3): ERROR.
2025-07-04 21:10:39,439 [WARNING] fetch_kline.py:131 Tushare 拉取 000822 失败(2/3): ERROR.
2025-07-04 21:10:41,687 [WARNING] fetch_kline.py:131 Tushare 拉取 000819 失败(3/3): ERROR.
2025-07-04 21:10:42,275 [WARNING] fetch_kline.py:131 Tushare 拉取 000821 失败(3/3): ERROR.
2025-07-04 21:10:43,005 [WARNING] fetch_kline.py:131 Tushare 拉取 000822 失败(3/3): ERROR.
2025-07-04 21:10:46,085 [WARNING] fetch_kline.py:131 Tushare 拉取 000823 失败(1/3): ERROR.
2025-07-04 21:11:05,416 [WARNING] fetch_kline.py:131 Tushare 拉取 002108 失败(1/3): ERROR.
2025-07-04 21:11:05,417 [WARNING] fetch_kline.py:131 Tushare 拉取 002106 失败(1/3): ERROR.
2025-07-04 21:11:05,462 [WARNING] fetch_kline.py:131 Tushare 拉取 002110 失败(1/3): ERROR.
2025-07-04 21:11:07,448 [WARNING] fetch_kline.py:131 Tushare 拉取 002106 失败(2/3): ERROR.
2025-07-04 21:11:08,009 [WARNING] fetch_kline.py:131 Tushare 拉取 002110 失败(2/3): ERROR.
2025-07-04 21:11:08,083 [WARNING] fetch_kline.py:131 Tushare 拉取 002108 失败(2/3): ERROR.
2025-07-04 21:11:10,859 [WARNING] fetch_kline.py:131 Tushare 拉取 002106 失败(3/3): ERROR.
2025-07-04 21:11:11,132 [WARNING] fetch_kline.py:131 Tushare 拉取 002108 失败(3/3): ERROR.
2025-07-04 21:11:11,333 [WARNING] fetch_kline.py:131 Tushare 拉取 002110 失败(3/3): ERROR.
2025-07-04 21:11:15,419 [WARNING] fetch_kline.py:131 Tushare 拉取 002111 失败(1/3): ERROR.
2025-07-04 21:11:17,101 [WARNING] fetch_kline.py:131 Tushare 拉取 002115 失败(1/3): ERROR.
2025-07-04 21:11:17,258 [WARNING] fetch_kline.py:131 Tushare 拉取 002117 失败(1/3): ERROR.
2025-07-04 21:11:17,512 [WARNING] fetch_kline.py:131 Tushare 拉取 002111 失败(2/3): ERROR.
2025-07-04 21:11:19,337 [WARNING] fetch_kline.py:131 Tushare 拉取 002117 失败(2/3): ERROR.
2025-07-04 21:11:21,812 [WARNING] fetch_kline.py:131 Tushare 拉取 002111 失败(3/3): ERROR.
2025-07-04 21:11:23,636 [WARNING] fetch_kline.py:131 Tushare 拉取 002117 失败(3/3): ERROR.
2025-07-04 21:11:26,506 [WARNING] fetch_kline.py:131 Tushare 拉取 002119 失败(1/3): ERROR.
2025-07-04 21:11:28,669 [WARNING] fetch_kline.py:131 Tushare 拉取 002119 失败(2/3): ERROR.
2025-07-04 21:11:30,252 [WARNING] fetch_kline.py:131 Tushare 拉取 002120 失败(1/3): ERROR.
2025-07-04 21:11:31,821 [WARNING] fetch_kline.py:131 Tushare 拉取 002119 失败(3/3): ERROR.
2025-07-04 21:11:32,885 [WARNING] fetch_kline.py:131 Tushare 拉取 002120 失败(2/3): ERROR.
2025-07-04 21:11:36,508 [WARNING] fetch_kline.py:131 Tushare 拉取 002120 失败(3/3): ERROR.
2025-07-04 21:11:37,529 [WARNING] fetch_kline.py:131 Tushare 拉取 002121 失败(1/3): ERROR.
2025-07-04 21:11:39,478 [WARNING] fetch_kline.py:131 Tushare 拉取 002121 失败(2/3): ERROR.
2025-07-04 21:11:42,614 [WARNING] fetch_kline.py:131 Tushare 拉取 002122 失败(1/3): ERROR.
2025-07-04 21:11:42,969 [WARNING] fetch_kline.py:131 Tushare 拉取 002121 失败(3/3): ERROR.
2025-07-04 21:11:45,103 [WARNING] fetch_kline.py:131 Tushare 拉取 002122 失败(2/3): ERROR.
2025-07-04 21:12:06,665 [WARNING] fetch_kline.py:131 Tushare 拉取 002427 失败(1/3): ERROR.
2025-07-04 21:12:06,774 [WARNING] fetch_kline.py:131 Tushare 拉取 002428 失败(1/3): ERROR.
2025-07-04 21:12:06,790 [WARNING] fetch_kline.py:131 Tushare 拉取 002429 失败(1/3): ERROR.
2025-07-04 21:12:09,142 [WARNING] fetch_kline.py:131 Tushare 拉取 002428 失败(2/3): ERROR.
2025-07-04 21:12:09,380 [WARNING] fetch_kline.py:131 Tushare 拉取 002427 失败(2/3): ERROR.
2025-07-04 21:12:09,420 [WARNING] fetch_kline.py:131 Tushare 拉取 002429 失败(2/3): ERROR.
2025-07-04 21:12:12,151 [WARNING] fetch_kline.py:131 Tushare 拉取 002428 失败(3/3): ERROR.
2025-07-04 21:12:13,449 [WARNING] fetch_kline.py:131 Tushare 拉取 002429 失败(3/3): ERROR.
2025-07-04 21:12:14,032 [WARNING] fetch_kline.py:131 Tushare 拉取 002427 失败(3/3): ERROR.
2025-07-04 21:12:17,791 [WARNING] fetch_kline.py:131 Tushare 拉取 002430 失败(1/3): ERROR.
2025-07-04 21:12:18,113 [WARNING] fetch_kline.py:131 Tushare 拉取 002432 失败(1/3): ERROR.
2025-07-04 21:12:18,290 [WARNING] fetch_kline.py:131 Tushare 拉取 002434 失败(1/3): ERROR.
2025-07-04 21:12:19,857 [WARNING] fetch_kline.py:131 Tushare 拉取 002430 失败(2/3): ERROR.
2025-07-04 21:12:20,694 [WARNING] fetch_kline.py:131 Tushare 拉取 002434 失败(2/3): ERROR.
2025-07-04 21:12:20,718 [WARNING] fetch_kline.py:131 Tushare 拉取 002432 失败(2/3): ERROR.
2025-07-04 21:12:23,338 [WARNING] fetch_kline.py:131 Tushare 拉取 002430 失败(3/3): ERROR.
2025-07-04 21:12:23,432 [WARNING] fetch_kline.py:131 Tushare 拉取 002432 失败(3/3): ERROR.
2025-07-04 21:12:24,331 [WARNING] fetch_kline.py:131 Tushare 拉取 002434 失败(3/3): ERROR.
2025-07-04 21:12:29,425 [WARNING] fetch_kline.py:131 Tushare 拉取 002436 失败(1/3): ERROR.
2025-07-04 21:12:29,876 [WARNING] fetch_kline.py:131 Tushare 拉取 002437 失败(1/3): ERROR.
2025-07-04 21:12:30,811 [WARNING] fetch_kline.py:131 Tushare 拉取 002438 失败(1/3): ERROR.
2025-07-04 21:12:31,767 [WARNING] fetch_kline.py:131 Tushare 拉取 002436 失败(2/3): ERROR.
2025-07-04 21:12:31,826 [WARNING] fetch_kline.py:131 Tushare 拉取 002437 失败(2/3): ERROR.
2025-07-04 21:12:33,221 [WARNING] fetch_kline.py:131 Tushare 拉取 002438 失败(2/3): ERROR.
2025-07-04 21:12:34,822 [WARNING] fetch_kline.py:131 Tushare 拉取 002437 失败(3/3): ERROR.
2025-07-04 21:12:35,400 [WARNING] fetch_kline.py:131 Tushare 拉取 002436 失败(3/3): ERROR.
2025-07-04 21:12:37,280 [WARNING] fetch_kline.py:131 Tushare 拉取 002438 失败(3/3): ERROR.
2025-07-04 21:12:40,812 [WARNING] fetch_kline.py:131 Tushare 拉取 002439 失败(1/3): ERROR.
2025-07-04 21:12:41,981 [WARNING] fetch_kline.py:131 Tushare 拉取 002440 失败(1/3): ERROR.
2025-07-04 21:12:42,698 [WARNING] fetch_kline.py:131 Tushare 拉取 002439 失败(2/3): ERROR.
2025-07-04 21:12:43,370 [WARNING] fetch_kline.py:131 Tushare 拉取 002444 失败(1/3): ERROR.
2025-07-04 21:12:43,982 [WARNING] fetch_kline.py:131 Tushare 拉取 002440 失败(2/3): ERROR.
2025-07-04 21:12:45,542 [WARNING] fetch_kline.py:131 Tushare 拉取 002444 失败(2/3): ERROR.
2025-07-04 21:12:46,654 [WARNING] fetch_kline.py:131 Tushare 拉取 002439 失败(3/3): ERROR.
2025-07-04 21:12:46,956 [WARNING] fetch_kline.py:131 Tushare 拉取 002440 失败(3/3): ERROR.
2025-07-04 21:13:08,629 [WARNING] fetch_kline.py:131 Tushare 拉取 002846 失败(1/3): ERROR.
2025-07-04 21:13:08,819 [WARNING] fetch_kline.py:131 Tushare 拉取 002847 失败(1/3): ERROR.
2025-07-04 21:13:10,765 [WARNING] fetch_kline.py:131 Tushare 拉取 002847 失败(2/3): ERROR.
2025-07-04 21:13:11,057 [WARNING] fetch_kline.py:131 Tushare 拉取 002846 失败(2/3): ERROR.
2025-07-04 21:13:13,697 [WARNING] fetch_kline.py:131 Tushare 拉取 002847 失败(3/3): ERROR.
2025-07-04 21:13:14,446 [WARNING] fetch_kline.py:131 Tushare 拉取 002846 失败(3/3): ERROR.
2025-07-04 21:13:20,142 [WARNING] fetch_kline.py:131 Tushare 拉取 002850 失败(1/3): ERROR.
2025-07-04 21:13:20,438 [WARNING] fetch_kline.py:131 Tushare 拉取 002851 失败(1/3): ERROR.
2025-07-04 21:13:22,142 [WARNING] fetch_kline.py:131 Tushare 拉取 002851 失败(2/3): ERROR.
2025-07-04 21:13:22,834 [WARNING] fetch_kline.py:131 Tushare 拉取 002850 失败(2/3): ERROR.
2025-07-04 21:13:26,528 [WARNING] fetch_kline.py:131 Tushare 拉取 002851 失败(3/3): ERROR.
2025-07-04 21:13:26,864 [WARNING] fetch_kline.py:131 Tushare 拉取 002850 失败(3/3): ERROR.
2025-07-04 21:13:31,479 [WARNING] fetch_kline.py:131 Tushare 拉取 002859 失败(1/3): ERROR.
2025-07-04 21:13:31,701 [WARNING] fetch_kline.py:131 Tushare 拉取 002865 失败(1/3): ERROR.
2025-07-04 21:13:33,692 [WARNING] fetch_kline.py:131 Tushare 拉取 002865 失败(2/3): ERROR.
2025-07-04 21:13:33,870 [WARNING] fetch_kline.py:131 Tushare 拉取 002859 失败(2/3): ERROR.
2025-07-04 21:13:35,772 [WARNING] fetch_kline.py:131 Tushare 拉取 002792 失败(1/3): ERROR.
2025-07-04 21:13:37,016 [WARNING] fetch_kline.py:131 Tushare 拉取 002859 失败(3/3): ERROR.
2025-07-04 21:13:37,818 [WARNING] fetch_kline.py:131 Tushare 拉取 002792 失败(2/3): ERROR.
2025-07-04 21:13:38,178 [WARNING] fetch_kline.py:131 Tushare 拉取 002865 失败(3/3): ERROR.
2025-07-04 21:13:41,469 [WARNING] fetch_kline.py:131 Tushare 拉取 002792 失败(3/3): ERROR.
2025-07-04 21:13:42,693 [WARNING] fetch_kline.py:131 Tushare 拉取 002866 失败(1/3): ERROR.
2025-07-04 21:13:43,226 [WARNING] fetch_kline.py:131 Tushare 拉取 002867 失败(1/3): ERROR.
2025-07-04 21:13:44,680 [WARNING] fetch_kline.py:131 Tushare 拉取 002866 失败(2/3): ERROR.
2025-07-04 21:13:45,003 [WARNING] fetch_kline.py:131 Tushare 拉取 002867 失败(2/3): ERROR.
2025-07-04 21:13:45,867 [WARNING] fetch_kline.py:131 Tushare 拉取 002878 失败(1/3): ERROR.
2025-07-04 21:13:47,989 [WARNING] fetch_kline.py:131 Tushare 拉取 002878 失败(2/3): ERROR.
2025-07-04 21:14:07,216 [WARNING] fetch_kline.py:131 Tushare 拉取 300229 失败(1/3): ERROR.
2025-07-04 21:14:07,222 [WARNING] fetch_kline.py:131 Tushare 拉取 300232 失败(1/3): ERROR.
2025-07-04 21:14:07,273 [WARNING] fetch_kline.py:131 Tushare 拉取 300231 失败(1/3): ERROR.
2025-07-04 21:14:09,236 [WARNING] fetch_kline.py:131 Tushare 拉取 300231 失败(2/3): ERROR.
2025-07-04 21:14:09,351 [WARNING] fetch_kline.py:131 Tushare 拉取 300232 失败(2/3): ERROR.
2025-07-04 21:14:09,797 [WARNING] fetch_kline.py:131 Tushare 拉取 300229 失败(2/3): ERROR.
2025-07-04 21:14:13,425 [WARNING] fetch_kline.py:131 Tushare 拉取 300231 失败(3/3): ERROR.
2025-07-04 21:14:13,591 [WARNING] fetch_kline.py:131 Tushare 拉取 300232 失败(3/3): ERROR.
2025-07-04 21:14:14,432 [WARNING] fetch_kline.py:131 Tushare 拉取 300229 失败(3/3): ERROR.
2025-07-04 21:14:19,234 [WARNING] fetch_kline.py:131 Tushare 拉取 300233 失败(1/3): ERROR.
2025-07-04 21:14:19,881 [WARNING] fetch_kline.py:131 Tushare 拉取 300236 失败(1/3): ERROR.
2025-07-04 21:14:20,912 [WARNING] fetch_kline.py:131 Tushare 拉取 300244 失败(1/3): ERROR.
2025-07-04 21:14:21,344 [WARNING] fetch_kline.py:131 Tushare 拉取 300233 失败(2/3): ERROR.
2025-07-04 21:14:21,744 [WARNING] fetch_kline.py:131 Tushare 拉取 300236 失败(2/3): ERROR.
2025-07-04 21:14:23,277 [WARNING] fetch_kline.py:131 Tushare 拉取 300244 失败(2/3): ERROR.
2025-07-04 21:14:24,157 [WARNING] fetch_kline.py:131 Tushare 拉取 300233 失败(3/3): ERROR.
2025-07-04 21:14:25,451 [WARNING] fetch_kline.py:131 Tushare 拉取 300236 失败(3/3): ERROR.
2025-07-04 21:14:27,387 [WARNING] fetch_kline.py:131 Tushare 拉取 300244 失败(3/3): ERROR.
2025-07-04 21:14:30,691 [WARNING] fetch_kline.py:131 Tushare 拉取 300245 失败(1/3): ERROR.
2025-07-04 21:14:31,061 [WARNING] fetch_kline.py:131 Tushare 拉取 300248 失败(1/3): ERROR.
2025-07-04 21:14:31,694 [WARNING] fetch_kline.py:131 Tushare 拉取 300249 失败(1/3): ERROR.
2025-07-04 21:14:33,018 [WARNING] fetch_kline.py:131 Tushare 拉取 300245 失败(2/3): ERROR.
2025-07-04 21:14:33,129 [WARNING] fetch_kline.py:131 Tushare 拉取 300248 失败(2/3): ERROR.
2025-07-04 21:14:33,779 [WARNING] fetch_kline.py:131 Tushare 拉取 300249 失败(2/3): ERROR.
2025-07-04 21:14:35,749 [WARNING] fetch_kline.py:131 Tushare 拉取 300245 失败(3/3): ERROR.
2025-07-04 21:14:37,239 [WARNING] fetch_kline.py:131 Tushare 拉取 300249 失败(3/3): ERROR.
2025-07-04 21:14:37,696 [WARNING] fetch_kline.py:131 Tushare 拉取 300248 失败(3/3): ERROR.
2025-07-04 21:14:41,638 [WARNING] fetch_kline.py:131 Tushare 拉取 300251 失败(1/3): ERROR.
2025-07-04 21:14:43,646 [WARNING] fetch_kline.py:131 Tushare 拉取 300251 失败(2/3): ERROR.
2025-07-04 21:14:43,671 [WARNING] fetch_kline.py:131 Tushare 拉取 300252 失败(1/3): ERROR.
2025-07-04 21:14:44,062 [WARNING] fetch_kline.py:131 Tushare 拉取 300253 失败(1/3): ERROR.
2025-07-04 21:14:45,450 [WARNING] fetch_kline.py:131 Tushare 拉取 300252 失败(2/3): ERROR.
2025-07-04 21:14:46,473 [WARNING] fetch_kline.py:131 Tushare 拉取 300253 失败(2/3): ERROR.
2025-07-04 21:14:47,940 [WARNING] fetch_kline.py:131 Tushare 拉取 300251 失败(3/3): ERROR.
2025-07-04 21:14:48,304 [WARNING] fetch_kline.py:131 Tushare 拉取 300252 失败(3/3): ERROR.
2025-07-04 21:15:11,344 [WARNING] fetch_kline.py:131 Tushare 拉取 300672 失败(1/3): ERROR.
2025-07-04 21:15:11,454 [WARNING] fetch_kline.py:131 Tushare 拉取 300674 失败(1/3): ERROR.
2025-07-04 21:15:13,576 [WARNING] fetch_kline.py:131 Tushare 拉取 300672 失败(2/3): ERROR.
2025-07-04 21:15:14,013 [WARNING] fetch_kline.py:131 Tushare 拉取 300674 失败(2/3): ERROR.
2025-07-04 21:15:16,509 [WARNING] fetch_kline.py:131 Tushare 拉取 300672 失败(3/3): ERROR.
2025-07-04 21:15:17,292 [WARNING] fetch_kline.py:131 Tushare 拉取 300674 失败(3/3): ERROR.
2025-07-04 21:15:21,948 [WARNING] fetch_kline.py:131 Tushare 拉取 300676 失败(1/3): ERROR.
2025-07-04 21:15:23,373 [WARNING] fetch_kline.py:131 Tushare 拉取 300677 失败(1/3): ERROR.
2025-07-04 21:15:24,228 [WARNING] fetch_kline.py:131 Tushare 拉取 300676 失败(2/3): ERROR.
2025-07-04 21:15:25,890 [WARNING] fetch_kline.py:131 Tushare 拉取 300677 失败(2/3): ERROR.
2025-07-04 21:15:28,291 [WARNING] fetch_kline.py:131 Tushare 拉取 300676 失败(3/3): ERROR.
2025-07-04 21:15:28,706 [WARNING] fetch_kline.py:131 Tushare 拉取 300677 失败(3/3): ERROR.
2025-07-04 21:15:32,384 [WARNING] fetch_kline.py:131 Tushare 拉取 300678 失败(1/3): ERROR.
2025-07-04 21:15:34,369 [WARNING] fetch_kline.py:131 Tushare 拉取 300679 失败(1/3): ERROR.
2025-07-04 21:15:34,447 [WARNING] fetch_kline.py:131 Tushare 拉取 300678 失败(2/3): ERROR.
2025-07-04 21:15:35,510 [WARNING] fetch_kline.py:131 Tushare 拉取 300563 失败(1/3): ERROR.
2025-07-04 21:15:36,767 [WARNING] fetch_kline.py:131 Tushare 拉取 300679 失败(2/3): ERROR.
2025-07-04 21:15:37,994 [WARNING] fetch_kline.py:131 Tushare 拉取 300563 失败(2/3): ERROR.
2025-07-04 21:15:38,102 [WARNING] fetch_kline.py:131 Tushare 拉取 300678 失败(3/3): ERROR.
2025-07-04 21:15:41,087 [WARNING] fetch_kline.py:131 Tushare 拉取 300679 失败(3/3): ERROR.
2025-07-04 21:15:42,486 [WARNING] fetch_kline.py:131 Tushare 拉取 300563 失败(3/3): ERROR.
2025-07-04 21:15:44,756 [WARNING] fetch_kline.py:131 Tushare 拉取 300680 失败(1/3): ERROR.
2025-07-04 21:15:45,189 [WARNING] fetch_kline.py:131 Tushare 拉取 300681 失败(1/3): ERROR.
2025-07-04 21:15:46,806 [WARNING] fetch_kline.py:131 Tushare 拉取 300680 失败(2/3): ERROR.
2025-07-04 21:15:47,722 [WARNING] fetch_kline.py:131 Tushare 拉取 300682 失败(1/3): ERROR.
2025-07-04 21:15:47,895 [WARNING] fetch_kline.py:131 Tushare 拉取 300681 失败(2/3): ERROR.
2025-07-04 21:16:09,107 [WARNING] fetch_kline.py:131 Tushare 拉取 301260 失败(1/3): ERROR.
2025-07-04 21:16:09,303 [WARNING] fetch_kline.py:131 Tushare 拉取 301262 失败(1/3): ERROR.
2025-07-04 21:16:09,303 [WARNING] fetch_kline.py:131 Tushare 拉取 301261 失败(1/3): ERROR.
2025-07-04 21:16:11,474 [WARNING] fetch_kline.py:131 Tushare 拉取 301260 失败(2/3): ERROR.
2025-07-04 21:16:11,561 [WARNING] fetch_kline.py:131 Tushare 拉取 301262 失败(2/3): ERROR.
2025-07-04 21:16:11,640 [WARNING] fetch_kline.py:131 Tushare 拉取 301261 失败(2/3): ERROR.
2025-07-04 21:16:14,692 [WARNING] fetch_kline.py:131 Tushare 拉取 301262 失败(3/3): ERROR.
2025-07-04 21:16:15,113 [WARNING] fetch_kline.py:131 Tushare 拉取 301261 失败(3/3): ERROR.
2025-07-04 21:16:15,811 [WARNING] fetch_kline.py:131 Tushare 拉取 301260 失败(3/3): ERROR.
2025-07-04 21:16:19,356 [WARNING] fetch_kline.py:131 Tushare 拉取 301263 失败(1/3): ERROR.
2025-07-04 21:16:20,153 [WARNING] fetch_kline.py:131 Tushare 拉取 301267 失败(1/3): ERROR.
2025-07-04 21:16:21,051 [WARNING] fetch_kline.py:131 Tushare 拉取 301268 失败(1/3): ERROR.
2025-07-04 21:16:21,924 [WARNING] fetch_kline.py:131 Tushare 拉取 301263 失败(2/3): ERROR.
2025-07-04 21:16:22,595 [WARNING] fetch_kline.py:131 Tushare 拉取 301267 失败(2/3): ERROR.
2025-07-04 21:16:22,804 [WARNING] fetch_kline.py:131 Tushare 拉取 301268 失败(2/3): ERROR.
2025-07-04 21:16:26,435 [WARNING] fetch_kline.py:131 Tushare 拉取 301263 失败(3/3): ERROR.
2025-07-04 21:16:26,955 [WARNING] fetch_kline.py:131 Tushare 拉取 301268 失败(3/3): ERROR.
2025-07-04 21:16:27,007 [WARNING] fetch_kline.py:131 Tushare 拉取 301267 失败(3/3): ERROR.
2025-07-04 21:16:31,112 [WARNING] fetch_kline.py:131 Tushare 拉取 301269 失败(1/3): ERROR.
2025-07-04 21:16:31,463 [WARNING] fetch_kline.py:131 Tushare 拉取 301275 失败(1/3): ERROR.
2025-07-04 21:16:33,170 [WARNING] fetch_kline.py:131 Tushare 拉取 301269 失败(2/3): ERROR.
2025-07-04 21:16:33,373 [WARNING] fetch_kline.py:131 Tushare 拉取 301277 失败(1/3): ERROR.
2025-07-04 21:16:33,609 [WARNING] fetch_kline.py:131 Tushare 拉取 301275 失败(2/3): ERROR.
2025-07-04 21:16:35,331 [WARNING] fetch_kline.py:131 Tushare 拉取 301277 失败(2/3): ERROR.
2025-07-04 21:16:36,022 [WARNING] fetch_kline.py:131 Tushare 拉取 301269 失败(3/3): ERROR.
2025-07-04 21:16:37,013 [WARNING] fetch_kline.py:131 Tushare 拉取 301275 失败(3/3): ERROR.
2025-07-04 21:16:39,631 [WARNING] fetch_kline.py:131 Tushare 拉取 301277 失败(3/3): ERROR.
2025-07-04 21:16:40,204 [WARNING] fetch_kline.py:131 Tushare 拉取 301280 失败(1/3): ERROR.
2025-07-04 21:16:42,304 [WARNING] fetch_kline.py:131 Tushare 拉取 301280 失败(2/3): ERROR.
2025-07-04 21:16:42,805 [WARNING] fetch_kline.py:131 Tushare 拉取 301285 失败(1/3): ERROR.
2025-07-04 21:16:44,502 [WARNING] fetch_kline.py:131 Tushare 拉取 301286 失败(1/3): ERROR.
2025-07-04 21:16:45,201 [WARNING] fetch_kline.py:131 Tushare 拉取 301285 失败(2/3): ERROR.
2025-07-04 21:16:45,416 [WARNING] fetch_kline.py:131 Tushare 拉取 301280 失败(3/3): ERROR.
2025-07-04 21:16:46,750 [WARNING] fetch_kline.py:131 Tushare 拉取 301286 失败(2/3): ERROR.
2025-07-04 21:16:48,933 [WARNING] fetch_kline.py:131 Tushare 拉取 301285 失败(3/3): ERROR.
2025-07-04 21:17:10,914 [WARNING] fetch_kline.py:131 Tushare 拉取 600185 失败(1/3): ERROR.
2025-07-04 21:17:11,113 [WARNING] fetch_kline.py:131 Tushare 拉取 600186 失败(1/3): ERROR.
2025-07-04 21:17:13,052 [WARNING] fetch_kline.py:131 Tushare 拉取 600186 失败(2/3): ERROR.
2025-07-04 21:17:13,626 [WARNING] fetch_kline.py:131 Tushare 拉取 600185 失败(2/3): ERROR.
2025-07-04 21:17:17,079 [WARNING] fetch_kline.py:131 Tushare 拉取 600185 失败(3/3): ERROR.
2025-07-04 21:17:17,132 [WARNING] fetch_kline.py:131 Tushare 拉取 600186 失败(3/3): ERROR.
2025-07-04 21:17:21,105 [WARNING] fetch_kline.py:131 Tushare 拉取 600187 失败(1/3): ERROR.
2025-07-04 21:17:22,744 [WARNING] fetch_kline.py:131 Tushare 拉取 600188 失败(1/3): ERROR.
2025-07-04 21:17:23,418 [WARNING] fetch_kline.py:131 Tushare 拉取 600187 失败(2/3): ERROR.
2025-07-04 21:17:24,588 [WARNING] fetch_kline.py:131 Tushare 拉取 600188 失败(2/3): ERROR.
2025-07-04 21:17:27,651 [WARNING] fetch_kline.py:131 Tushare 拉取 600188 失败(3/3): ERROR.
2025-07-04 21:17:27,898 [WARNING] fetch_kline.py:131 Tushare 拉取 600187 失败(3/3): ERROR.
2025-07-04 21:17:32,917 [WARNING] fetch_kline.py:131 Tushare 拉取 600195 失败(1/3): ERROR.
2025-07-04 21:17:32,926 [WARNING] fetch_kline.py:131 Tushare 拉取 600189 失败(1/3): ERROR.
2025-07-04 21:17:33,416 [WARNING] fetch_kline.py:131 Tushare 拉取 600079 失败(1/3): ERROR.
2025-07-04 21:17:35,117 [WARNING] fetch_kline.py:131 Tushare 拉取 600189 失败(2/3): ERROR.
2025-07-04 21:17:35,442 [WARNING] fetch_kline.py:131 Tushare 拉取 600195 失败(2/3): ERROR.
2025-07-04 21:17:35,826 [WARNING] fetch_kline.py:131 Tushare 拉取 600079 失败(2/3): ERROR.
2025-07-04 21:17:38,637 [WARNING] fetch_kline.py:131 Tushare 拉取 600079 失败(3/3): ERROR.
2025-07-04 21:17:38,840 [WARNING] fetch_kline.py:131 Tushare 拉取 600189 失败(3/3): ERROR.
2025-07-04 21:17:39,821 [WARNING] fetch_kline.py:131 Tushare 拉取 600195 失败(3/3): ERROR.
2025-07-04 21:17:43,238 [WARNING] fetch_kline.py:131 Tushare 拉取 600196 失败(1/3): ERROR.
2025-07-04 21:17:43,413 [WARNING] fetch_kline.py:131 Tushare 拉取 600197 失败(1/3): ERROR.
2025-07-04 21:17:45,001 [WARNING] fetch_kline.py:131 Tushare 拉取 600196 失败(2/3): ERROR.
2025-07-04 21:17:45,059 [WARNING] fetch_kline.py:131 Tushare 拉取 600198 失败(1/3): ERROR.
2025-07-04 21:17:45,901 [WARNING] fetch_kline.py:131 Tushare 拉取 600197 失败(2/3): ERROR.
2025-07-04 21:17:47,238 [WARNING] fetch_kline.py:131 Tushare 拉取 600198 失败(2/3): ERROR.
2025-07-04 21:17:49,488 [WARNING] fetch_kline.py:131 Tushare 拉取 600196 失败(3/3): ERROR.
2025-07-04 21:18:08,458 [WARNING] fetch_kline.py:131 Tushare 拉取 600576 失败(1/3): ERROR.
2025-07-04 21:18:10,022 [WARNING] fetch_kline.py:131 Tushare 拉取 600585 失败(1/3): ERROR.
2025-07-04 21:18:10,159 [WARNING] fetch_kline.py:131 Tushare 拉取 600586 失败(1/3): ERROR.
2025-07-04 21:18:10,196 [WARNING] fetch_kline.py:131 Tushare 拉取 600576 失败(2/3): ERROR.
2025-07-04 21:18:12,415 [WARNING] fetch_kline.py:131 Tushare 拉取 600585 失败(2/3): ERROR.
2025-07-04 21:18:12,684 [WARNING] fetch_kline.py:131 Tushare 拉取 600586 失败(2/3): ERROR.
2025-07-04 21:18:13,831 [WARNING] fetch_kline.py:131 Tushare 拉取 600576 失败(3/3): ERROR.
2025-07-04 21:18:15,983 [WARNING] fetch_kline.py:131 Tushare 拉取 600585 失败(3/3): ERROR.
2025-07-04 21:18:16,431 [WARNING] fetch_kline.py:131 Tushare 拉取 600586 失败(3/3): ERROR.
2025-07-04 21:18:20,005 [WARNING] fetch_kline.py:131 Tushare 拉取 600587 失败(1/3): ERROR.
2025-07-04 21:18:20,162 [WARNING] fetch_kline.py:131 Tushare 拉取 600588 失败(1/3): ERROR.
2025-07-04 21:18:21,841 [WARNING] fetch_kline.py:131 Tushare 拉取 600587 失败(2/3): ERROR.
2025-07-04 21:18:22,200 [WARNING] fetch_kline.py:131 Tushare 拉取 600589 失败(1/3): ERROR.
2025-07-04 21:18:22,348 [WARNING] fetch_kline.py:131 Tushare 拉取 600588 失败(2/3): ERROR.
2025-07-04 21:18:24,127 [WARNING] fetch_kline.py:131 Tushare 拉取 600589 失败(2/3): ERROR.
2025-07-04 21:18:24,614 [WARNING] fetch_kline.py:131 Tushare 拉取 600587 失败(3/3): ERROR.
2025-07-04 21:18:26,021 [WARNING] fetch_kline.py:131 Tushare 拉取 600588 失败(3/3): ERROR.
2025-07-04 21:18:27,149 [WARNING] fetch_kline.py:131 Tushare 拉取 600589 失败(3/3): ERROR.
2025-07-04 21:18:29,100 [WARNING] fetch_kline.py:131 Tushare 拉取 600590 失败(1/3): ERROR.
2025-07-04 21:18:30,517 [WARNING] fetch_kline.py:131 Tushare 拉取 600592 失败(1/3): ERROR.
2025-07-04 21:18:31,474 [WARNING] fetch_kline.py:131 Tushare 拉取 600590 失败(2/3): ERROR.
2025-07-04 21:18:31,790 [WARNING] fetch_kline.py:131 Tushare 拉取 600595 失败(1/3): ERROR.
2025-07-04 21:18:32,321 [WARNING] fetch_kline.py:131 Tushare 拉取 600592 失败(2/3): ERROR.
2025-07-04 21:18:33,770 [WARNING] fetch_kline.py:131 Tushare 拉取 600595 失败(2/3): ERROR.
2025-07-04 21:18:34,808 [WARNING] fetch_kline.py:131 Tushare 拉取 600590 失败(3/3): ERROR.
2025-07-04 21:18:35,425 [WARNING] fetch_kline.py:131 Tushare 拉取 600592 失败(3/3): ERROR.
2025-07-04 21:18:37,955 [WARNING] fetch_kline.py:131 Tushare 拉取 600595 失败(3/3): ERROR.
2025-07-04 21:18:39,280 [WARNING] fetch_kline.py:131 Tushare 拉取 600596 失败(1/3): ERROR.
2025-07-04 21:18:40,245 [WARNING] fetch_kline.py:131 Tushare 拉取 600597 失败(1/3): ERROR.
2025-07-04 21:18:41,883 [WARNING] fetch_kline.py:131 Tushare 拉取 600596 失败(2/3): ERROR.
2025-07-04 21:18:42,132 [WARNING] fetch_kline.py:131 Tushare 拉取 600597 失败(2/3): ERROR.
2025-07-04 21:18:44,391 [WARNING] fetch_kline.py:131 Tushare 拉取 600598 失败(1/3): ERROR.
2025-07-04 21:18:45,775 [WARNING] fetch_kline.py:131 Tushare 拉取 600597 失败(3/3): ERROR.
2025-07-04 21:18:46,564 [WARNING] fetch_kline.py:131 Tushare 拉取 600596 失败(3/3): ERROR.
2025-07-04 21:18:46,583 [WARNING] fetch_kline.py:131 Tushare 拉取 600598 失败(2/3): ERROR.
2025-07-04 21:18:49,566 [WARNING] fetch_kline.py:131 Tushare 拉取 600598 失败(3/3): ERROR.
2025-07-04 21:19:10,453 [WARNING] fetch_kline.py:131 Tushare 拉取 600963 失败(1/3): ERROR.
2025-07-04 21:19:10,486 [WARNING] fetch_kline.py:131 Tushare 拉取 600961 失败(1/3): ERROR.
2025-07-04 21:19:12,481 [WARNING] fetch_kline.py:131 Tushare 拉取 600961 失败(2/3): ERROR.
2025-07-04 21:19:13,145 [WARNING] fetch_kline.py:131 Tushare 拉取 600963 失败(2/3): ERROR.
2025-07-04 21:19:16,460 [WARNING] fetch_kline.py:131 Tushare 拉取 600961 失败(3/3): ERROR.
2025-07-04 21:19:17,394 [WARNING] fetch_kline.py:131 Tushare 拉取 600963 失败(3/3): ERROR.
2025-07-04 21:19:21,805 [WARNING] fetch_kline.py:131 Tushare 拉取 600966 失败(1/3): ERROR.
2025-07-04 21:19:23,812 [WARNING] fetch_kline.py:131 Tushare 拉取 600967 失败(1/3): ERROR.
2025-07-04 21:19:24,157 [WARNING] fetch_kline.py:131 Tushare 拉取 600966 失败(2/3): ERROR.
2025-07-04 21:19:25,683 [WARNING] fetch_kline.py:131 Tushare 拉取 600967 失败(2/3): ERROR.
2025-07-04 21:19:27,650 [WARNING] fetch_kline.py:131 Tushare 拉取 600966 失败(3/3): ERROR.
2025-07-04 21:19:29,310 [WARNING] fetch_kline.py:131 Tushare 拉取 600967 失败(3/3): ERROR.
2025-07-04 21:19:32,604 [WARNING] fetch_kline.py:131 Tushare 拉取 600968 失败(1/3): ERROR.
2025-07-04 21:19:33,565 [WARNING] fetch_kline.py:131 Tushare 拉取 600970 失败(1/3): ERROR.
2025-07-04 21:19:35,140 [WARNING] fetch_kline.py:131 Tushare 拉取 600968 失败(2/3): ERROR.
2025-07-04 21:19:35,416 [WARNING] fetch_kline.py:131 Tushare 拉取 600970 失败(2/3): ERROR.
2025-07-04 21:19:38,320 [WARNING] fetch_kline.py:131 Tushare 拉取 600919 失败(1/3): ERROR.
2025-07-04 21:19:38,945 [WARNING] fetch_kline.py:131 Tushare 拉取 600970 失败(3/3): ERROR.
2025-07-04 21:19:39,028 [WARNING] fetch_kline.py:131 Tushare 拉取 600968 失败(3/3): ERROR.
2025-07-04 21:19:40,727 [WARNING] fetch_kline.py:131 Tushare 拉取 600919 失败(2/3): ERROR.
2025-07-04 21:19:43,504 [WARNING] fetch_kline.py:131 Tushare 拉取 600971 失败(1/3): ERROR.
2025-07-04 21:19:44,901 [WARNING] fetch_kline.py:131 Tushare 拉取 600973 失败(1/3): ERROR.
2025-07-04 21:19:45,029 [WARNING] fetch_kline.py:131 Tushare 拉取 600919 失败(3/3): ERROR.
2025-07-04 21:19:45,868 [WARNING] fetch_kline.py:131 Tushare 拉取 600971 失败(2/3): ERROR.
2025-07-04 21:19:47,054 [WARNING] fetch_kline.py:131 Tushare 拉取 600973 失败(2/3): ERROR.
2025-07-04 21:19:49,392 [WARNING] fetch_kline.py:131 Tushare 拉取 600975 失败(1/3): ERROR.
2025-07-04 21:19:49,714 [WARNING] fetch_kline.py:131 Tushare 拉取 600971 失败(3/3): ERROR.
2025-07-04 21:19:51,034 [WARNING] fetch_kline.py:131 Tushare 拉取 600973 失败(3/3): ERROR.
2025-07-04 21:19:51,734 [WARNING] fetch_kline.py:131 Tushare 拉取 600975 失败(2/3): ERROR.
2025-07-04 21:20:16,268 [WARNING] fetch_kline.py:131 Tushare 拉取 601766 失败(1/3): ERROR.
2025-07-04 21:20:21,128 [WARNING] fetch_kline.py:131 Tushare 拉取 601881 失败(1/3): ERROR.
2025-07-04 21:20:21,322 [WARNING] fetch_kline.py:131 Tushare 拉取 601882 失败(1/3): ERROR.
2025-07-04 21:20:23,054 [WARNING] fetch_kline.py:131 Tushare 拉取 601882 失败(2/3): ERROR.
2025-07-04 21:20:23,104 [WARNING] fetch_kline.py:131 Tushare 拉取 601881 失败(2/3): ERROR.
2025-07-04 21:20:26,473 [WARNING] fetch_kline.py:131 Tushare 拉取 601881 失败(3/3): ERROR.
2025-07-04 21:20:27,587 [WARNING] fetch_kline.py:131 Tushare 拉取 601882 失败(3/3): ERROR.
2025-07-04 21:20:29,712 [WARNING] fetch_kline.py:131 Tushare 拉取 601066 失败(1/3): ERROR.
2025-07-04 21:20:32,404 [WARNING] fetch_kline.py:131 Tushare 拉取 601066 失败(2/3): ERROR.
2025-07-04 21:20:33,022 [WARNING] fetch_kline.py:131 Tushare 拉取 601886 失败(1/3): ERROR.
2025-07-04 21:20:33,965 [WARNING] fetch_kline.py:131 Tushare 拉取 601888 失败(1/3): ERROR.
2025-07-04 21:20:35,721 [WARNING] fetch_kline.py:131 Tushare 拉取 601886 失败(2/3): ERROR.
2025-07-04 21:20:36,413 [WARNING] fetch_kline.py:131 Tushare 拉取 601888 失败(2/3): ERROR.
2025-07-04 21:20:36,624 [WARNING] fetch_kline.py:131 Tushare 拉取 601066 失败(3/3): ERROR.
2025-07-04 21:20:38,775 [WARNING] fetch_kline.py:131 Tushare 拉取 601886 失败(3/3): ERROR.
2025-07-04 21:20:40,403 [WARNING] fetch_kline.py:131 Tushare 拉取 601888 失败(3/3): ERROR.
2025-07-04 21:20:43,295 [WARNING] fetch_kline.py:131 Tushare 拉取 601890 失败(1/3): ERROR.
2025-07-04 21:20:43,956 [WARNING] fetch_kline.py:131 Tushare 拉取 601898 失败(1/3): ERROR.
2025-07-04 21:20:45,538 [WARNING] fetch_kline.py:131 Tushare 拉取 601890 失败(2/3): ERROR.
2025-07-04 21:20:46,402 [WARNING] fetch_kline.py:131 Tushare 拉取 601898 失败(2/3): ERROR.
2025-07-04 21:20:46,779 [WARNING] fetch_kline.py:131 Tushare 拉取 601899 失败(1/3): ERROR.
2025-07-04 21:20:48,771 [WARNING] fetch_kline.py:131 Tushare 拉取 601890 失败(3/3): ERROR.
2025-07-04 21:20:48,891 [WARNING] fetch_kline.py:131 Tushare 拉取 601899 失败(2/3): ERROR.
2025-07-04 21:20:50,728 [WARNING] fetch_kline.py:131 Tushare 拉取 601898 失败(3/3): ERROR.
2025-07-04 21:20:52,589 [WARNING] fetch_kline.py:131 Tushare 拉取 601900 失败(1/3): ERROR.
2025-07-04 21:20:52,814 [WARNING] fetch_kline.py:131 Tushare 拉取 601899 失败(3/3): ERROR.
2025-07-04 21:21:13,366 [WARNING] fetch_kline.py:131 Tushare 拉取 603501 失败(1/3): ERROR.
2025-07-04 21:21:13,511 [WARNING] fetch_kline.py:131 Tushare 拉取 603505 失败(1/3): ERROR.
2025-07-04 21:21:13,517 [WARNING] fetch_kline.py:131 Tushare 拉取 603508 失败(1/3): ERROR.
2025-07-04 21:21:15,249 [WARNING] fetch_kline.py:131 Tushare 拉取 603505 失败(2/3): ERROR.
2025-07-04 21:21:15,286 [WARNING] fetch_kline.py:131 Tushare 拉取 603508 失败(2/3): ERROR.
2025-07-04 21:21:15,700 [WARNING] fetch_kline.py:131 Tushare 拉取 603501 失败(2/3): ERROR.
2025-07-04 21:21:18,057 [WARNING] fetch_kline.py:131 Tushare 拉取 603505 失败(3/3): ERROR.
2025-07-04 21:21:19,320 [WARNING] fetch_kline.py:131 Tushare 拉取 603501 失败(3/3): ERROR.
2025-07-04 21:21:19,937 [WARNING] fetch_kline.py:131 Tushare 拉取 603508 失败(3/3): ERROR.
2025-07-04 21:21:25,772 [WARNING] fetch_kline.py:131 Tushare 拉取 603515 失败(1/3): ERROR.
2025-07-04 21:21:25,801 [WARNING] fetch_kline.py:131 Tushare 拉取 603516 失败(1/3): ERROR.
2025-07-04 21:21:28,098 [WARNING] fetch_kline.py:131 Tushare 拉取 603516 失败(2/3): ERROR.
2025-07-04 21:21:28,233 [WARNING] fetch_kline.py:131 Tushare 拉取 603515 失败(2/3): ERROR.
2025-07-04 21:21:31,288 [WARNING] fetch_kline.py:131 Tushare 拉取 603516 失败(3/3): ERROR.
2025-07-04 21:21:31,343 [WARNING] fetch_kline.py:131 Tushare 拉取 603515 失败(3/3): ERROR.
2025-07-04 21:21:35,047 [WARNING] fetch_kline.py:131 Tushare 拉取 603517 失败(1/3): ERROR.
2025-07-04 21:21:36,315 [WARNING] fetch_kline.py:131 Tushare 拉取 603528 失败(1/3): ERROR.
2025-07-04 21:21:36,863 [WARNING] fetch_kline.py:131 Tushare 拉取 603517 失败(2/3): ERROR.
2025-07-04 21:21:38,101 [WARNING] fetch_kline.py:131 Tushare 拉取 603528 失败(2/3): ERROR.
2025-07-04 21:21:40,763 [WARNING] fetch_kline.py:131 Tushare 拉取 603517 失败(3/3): ERROR.
2025-07-04 21:21:41,336 [WARNING] fetch_kline.py:131 Tushare 拉取 603528 失败(3/3): ERROR.
2025-07-04 21:21:44,847 [WARNING] fetch_kline.py:131 Tushare 拉取 603529 失败(1/3): ERROR.
2025-07-04 21:21:45,244 [WARNING] fetch_kline.py:131 Tushare 拉取 603530 失败(1/3): ERROR.
2025-07-04 21:21:46,962 [WARNING] fetch_kline.py:131 Tushare 拉取 603530 失败(2/3): ERROR.
2025-07-04 21:21:47,491 [WARNING] fetch_kline.py:131 Tushare 拉取 603529 失败(2/3): ERROR.
2025-07-04 21:21:50,635 [WARNING] fetch_kline.py:131 Tushare 拉取 603530 失败(3/3): ERROR.
2025-07-04 21:21:50,639 [WARNING] fetch_kline.py:131 Tushare 拉取 603529 失败(3/3): ERROR.
2025-07-04 21:21:54,297 [WARNING] fetch_kline.py:131 Tushare 拉取 603511 失败(1/3): ERROR.
2025-07-04 21:22:13,440 [WARNING] fetch_kline.py:131 Tushare 拉取 688073 失败(1/3): ERROR.
2025-07-04 21:22:13,442 [WARNING] fetch_kline.py:131 Tushare 拉取 688072 失败(1/3): ERROR.
2025-07-04 21:22:13,570 [WARNING] fetch_kline.py:131 Tushare 拉取 688076 失败(1/3): ERROR.
2025-07-04 21:22:15,419 [WARNING] fetch_kline.py:131 Tushare 拉取 688073 失败(2/3): ERROR.
2025-07-04 21:22:15,606 [WARNING] fetch_kline.py:131 Tushare 拉取 688076 失败(2/3): ERROR.
2025-07-04 21:22:15,871 [WARNING] fetch_kline.py:131 Tushare 拉取 688072 失败(2/3): ERROR.
2025-07-04 21:22:18,284 [WARNING] fetch_kline.py:131 Tushare 拉取 688073 失败(3/3): ERROR.
2025-07-04 21:22:19,057 [WARNING] fetch_kline.py:131 Tushare 拉取 688076 失败(3/3): ERROR.
2025-07-04 21:22:19,306 [WARNING] fetch_kline.py:131 Tushare 拉取 688072 失败(3/3): ERROR.
2025-07-04 21:22:23,703 [WARNING] fetch_kline.py:131 Tushare 拉取 688082 失败(1/3): ERROR.
2025-07-04 21:22:23,789 [WARNING] fetch_kline.py:131 Tushare 拉取 688083 失败(1/3): ERROR.
2025-07-04 21:22:24,507 [WARNING] fetch_kline.py:131 Tushare 拉取 688084 失败(1/3): ERROR.
2025-07-04 21:22:25,535 [WARNING] fetch_kline.py:131 Tushare 拉取 688083 失败(2/3): ERROR.
2025-07-04 21:22:25,796 [WARNING] fetch_kline.py:131 Tushare 拉取 688082 失败(2/3): ERROR.
2025-07-04 21:22:26,938 [WARNING] fetch_kline.py:131 Tushare 拉取 688084 失败(2/3): ERROR.
2025-07-04 21:22:28,924 [WARNING] fetch_kline.py:131 Tushare 拉取 688083 失败(3/3): ERROR.
2025-07-04 21:22:30,361 [WARNING] fetch_kline.py:131 Tushare 拉取 688082 失败(3/3): ERROR.
2025-07-04 21:22:30,952 [WARNING] fetch_kline.py:131 Tushare 拉取 688084 失败(3/3): ERROR.
2025-07-04 21:22:33,077 [WARNING] fetch_kline.py:131 Tushare 拉取 688085 失败(1/3): ERROR.
2025-07-04 21:22:34,755 [WARNING] fetch_kline.py:131 Tushare 拉取 688088 失败(1/3): ERROR.
2025-07-04 21:22:35,114 [WARNING] fetch_kline.py:131 Tushare 拉取 688085 失败(2/3): ERROR.
2025-07-04 21:22:36,297 [WARNING] fetch_kline.py:131 Tushare 拉取 688091 失败(1/3): ERROR.
2025-07-04 21:22:37,418 [WARNING] fetch_kline.py:131 Tushare 拉取 688088 失败(2/3): ERROR.
2025-07-04 21:22:37,891 [WARNING] fetch_kline.py:131 Tushare 拉取 688085 失败(3/3): ERROR.
2025-07-04 21:22:38,468 [WARNING] fetch_kline.py:131 Tushare 拉取 688091 失败(2/3): ERROR.
2025-07-04 21:22:40,974 [WARNING] fetch_kline.py:131 Tushare 拉取 688088 失败(3/3): ERROR.
2025-07-04 21:22:42,346 [WARNING] fetch_kline.py:131 Tushare 拉取 688091 失败(3/3): ERROR.
2025-07-04 21:22:43,167 [WARNING] fetch_kline.py:131 Tushare 拉取 688093 失败(1/3): ERROR.
2025-07-04 21:22:45,711 [WARNING] fetch_kline.py:131 Tushare 拉取 688093 失败(2/3): ERROR.
2025-07-04 21:22:47,112 [WARNING] fetch_kline.py:131 Tushare 拉取 688095 失败(1/3): ERROR.
2025-07-04 21:22:47,132 [WARNING] fetch_kline.py:131 Tushare 拉取 688097 失败(1/3): ERROR.
2025-07-04 21:22:48,632 [WARNING] fetch_kline.py:131 Tushare 拉取 688093 失败(3/3): ERROR.
2025-07-04 21:22:49,030 [WARNING] fetch_kline.py:131 Tushare 拉取 688097 失败(2/3): ERROR.
2025-07-04 21:22:49,377 [WARNING] fetch_kline.py:131 Tushare 拉取 688095 失败(2/3): ERROR.
2025-07-04 21:22:51,890 [WARNING] fetch_kline.py:131 Tushare 拉取 688097 失败(3/3): ERROR.
2025-07-04 21:22:52,447 [WARNING] fetch_kline.py:131 Tushare 拉取 688099 失败(1/3): ERROR.
2025-07-04 21:22:52,770 [WARNING] fetch_kline.py:131 Tushare 拉取 688095 失败(3/3): ERROR.
2025-07-04 21:22:54,602 [WARNING] fetch_kline.py:131 Tushare 拉取 688099 失败(2/3): ERROR.
2025-07-04 21:23:14,970 [WARNING] fetch_kline.py:131 Tushare 拉取 688550 失败(1/3): ERROR.
2025-07-04 21:23:15,042 [WARNING] fetch_kline.py:131 Tushare 拉取 688552 失败(1/3): ERROR.
2025-07-04 21:23:15,102 [WARNING] fetch_kline.py:131 Tushare 拉取 688553 失败(1/3): ERROR.
2025-07-04 21:23:17,096 [WARNING] fetch_kline.py:131 Tushare 拉取 688550 失败(2/3): ERROR.
2025-07-04 21:23:17,118 [WARNING] fetch_kline.py:131 Tushare 拉取 688553 失败(2/3): ERROR.
2025-07-04 21:23:17,380 [WARNING] fetch_kline.py:131 Tushare 拉取 688552 失败(2/3): ERROR.
2025-07-04 21:23:20,288 [WARNING] fetch_kline.py:131 Tushare 拉取 688550 失败(3/3): ERROR.
2025-07-04 21:23:20,450 [WARNING] fetch_kline.py:131 Tushare 拉取 688552 失败(3/3): ERROR.
2025-07-04 21:23:21,242 [WARNING] fetch_kline.py:131 Tushare 拉取 688553 失败(3/3): ERROR.
2025-07-04 21:23:24,802 [WARNING] fetch_kline.py:131 Tushare 拉取 688556 失败(1/3): ERROR.
2025-07-04 21:23:25,070 [WARNING] fetch_kline.py:131 Tushare 拉取 688559 失败(1/3): ERROR.
2025-07-04 21:23:25,869 [WARNING] fetch_kline.py:131 Tushare 拉取 688561 失败(1/3): ERROR.
2025-07-04 21:23:27,202 [WARNING] fetch_kline.py:131 Tushare 拉取 688559 失败(2/3): ERROR.
2025-07-04 21:23:27,487 [WARNING] fetch_kline.py:131 Tushare 拉取 688556 失败(2/3): ERROR.
2025-07-04 21:23:28,505 [WARNING] fetch_kline.py:131 Tushare 拉取 688561 失败(2/3): ERROR.
2025-07-04 21:23:31,141 [WARNING] fetch_kline.py:131 Tushare 拉取 688556 失败(3/3): ERROR.
2025-07-04 21:23:31,203 [WARNING] fetch_kline.py:131 Tushare 拉取 688559 失败(3/3): ERROR.
2025-07-04 21:23:31,240 [WARNING] fetch_kline.py:131 Tushare 拉取 688561 失败(3/3): ERROR.
2025-07-04 21:23:35,648 [WARNING] fetch_kline.py:131 Tushare 拉取 688562 失败(1/3): ERROR.
2025-07-04 21:23:36,310 [WARNING] fetch_kline.py:131 Tushare 拉取 688563 失败(1/3): ERROR.
2025-07-04 21:23:36,656 [WARNING] fetch_kline.py:131 Tushare 拉取 688566 失败(1/3): ERROR.
2025-07-04 21:23:37,624 [WARNING] fetch_kline.py:131 Tushare 拉取 688562 失败(2/3): ERROR.
2025-07-04 21:23:38,880 [WARNING] fetch_kline.py:131 Tushare 拉取 688563 失败(2/3): ERROR.
2025-07-04 21:23:39,263 [WARNING] fetch_kline.py:131 Tushare 拉取 688566 失败(2/3): ERROR.
2025-07-04 21:23:41,988 [WARNING] fetch_kline.py:131 Tushare 拉取 688562 失败(3/3): ERROR.
2025-07-04 21:23:42,750 [WARNING] fetch_kline.py:131 Tushare 拉取 688563 失败(3/3): ERROR.
2025-07-04 21:23:42,968 [WARNING] fetch_kline.py:131 Tushare 拉取 688566 失败(3/3): ERROR.
2025-07-04 21:23:45,758 [WARNING] fetch_kline.py:131 Tushare 拉取 688567 失败(1/3): ERROR.
2025-07-04 21:23:47,267 [WARNING] fetch_kline.py:131 Tushare 拉取 688568 失败(1/3): ERROR.
2025-07-04 21:23:47,581 [WARNING] fetch_kline.py:131 Tushare 拉取 688567 失败(2/3): ERROR.
2025-07-04 21:23:47,981 [WARNING] fetch_kline.py:131 Tushare 拉取 688570 失败(1/3): ERROR.
2025-07-04 21:23:49,453 [WARNING] fetch_kline.py:131 Tushare 拉取 688568 失败(2/3): ERROR.
2025-07-04 21:23:50,176 [WARNING] fetch_kline.py:131 Tushare 拉取 688570 失败(2/3): ERROR.
2025-07-04 21:23:51,205 [WARNING] fetch_kline.py:131 Tushare 拉取 688567 失败(3/3): ERROR.
2025-07-04 21:23:53,130 [WARNING] fetch_kline.py:131 Tushare 拉取 688570 失败(3/3): ERROR.
2025-07-04 21:23:53,446 [WARNING] fetch_kline.py:131 Tushare 拉取 688568 失败(3/3): ERROR.
2025-07-04 21:23:55,424 [WARNING] fetch_kline.py:131 Tushare 拉取 688575 失败(1/3): ERROR.
2025-07-04 21:24:07,693 [INFO] fetch_kline.py:362 全部任务完成，数据已保存至 /Users/mawenhao/Desktop/code/股票抓取/StockTradebyZ/data
2025-07-05 14:54:50,973 [WARNING] fetch_kline.py:48 AKShare 获取市值快照失败(1/3): name 'ak' is not defined
2025-07-05 14:54:53,758 [WARNING] fetch_kline.py:48 AKShare 获取市值快照失败(2/3): name 'ak' is not defined
2025-07-05 14:54:56,741 [WARNING] fetch_kline.py:48 AKShare 获取市值快照失败(3/3): name 'ak' is not defined
2025-07-05 14:55:03,753 [WARNING] fetch_kline.py:48 AKShare 获取市值快照失败(1/3): name 'ak' is not defined
2025-07-05 14:55:05,831 [WARNING] fetch_kline.py:48 AKShare 获取市值快照失败(2/3): name 'ak' is not defined
2025-07-05 14:55:08,515 [WARNING] fetch_kline.py:48 AKShare 获取市值快照失败(3/3): name 'ak' is not defined
2025-07-05 14:56:11,957 [INFO] fetch_kline.py:81 筛选得到 3026 只股票
2025-07-05 14:56:11,958 [INFO] fetch_kline.py:335 开始抓取 3026 支股票 | 数据源:tushare | 频率:day | 日期:20200101 → 20250705
2025-07-05 14:57:41,506 [WARNING] fetch_kline.py:48 AKShare 获取市值快照失败(1/3): ('Connection aborted.', ConnectionResetError(54, 'Connection reset by peer'))
2025-07-05 14:57:53,633 [INFO] fetch_kline.py:81 筛选得到 5425 只股票
2025-07-05 14:57:53,635 [INFO] fetch_kline.py:335 开始抓取 5425 支股票 | 数据源:tushare | 频率:day | 日期:20200101 → 20250705
2025-07-05 14:58:33,781 [WARNING] fetch_kline.py:131 Tushare 拉取 000665 失败(1/3): ERROR.
2025-07-05 14:58:33,895 [WARNING] fetch_kline.py:131 Tushare 拉取 000661 失败(1/3): ERROR.
2025-07-05 14:58:34,149 [WARNING] fetch_kline.py:131 Tushare 拉取 000668 失败(1/3): ERROR.
2025-07-05 14:58:41,171 [WARNING] fetch_kline.py:131 Tushare 拉取 000661 失败(2/3): ERROR.
2025-07-05 14:58:41,683 [WARNING] fetch_kline.py:131 Tushare 拉取 000668 失败(2/3): ERROR.
2025-07-05 14:58:41,788 [WARNING] fetch_kline.py:131 Tushare 拉取 000665 失败(2/3): ERROR.
2025-07-05 14:58:45,595 [WARNING] fetch_kline.py:131 Tushare 拉取 000665 失败(3/3): ERROR.
2025-07-05 14:58:45,687 [WARNING] fetch_kline.py:131 Tushare 拉取 000668 失败(3/3): ERROR.
2025-07-05 14:58:45,748 [WARNING] fetch_kline.py:131 Tushare 拉取 000661 失败(3/3): ERROR.
2025-07-05 14:58:50,857 [WARNING] fetch_kline.py:131 Tushare 拉取 000669 失败(1/3): ERROR.
2025-07-05 14:58:51,906 [WARNING] fetch_kline.py:131 Tushare 拉取 000672 失败(1/3): ERROR.
2025-07-05 14:58:52,122 [WARNING] fetch_kline.py:131 Tushare 拉取 000670 失败(1/3): ERROR.
2025-07-05 14:58:53,823 [WARNING] fetch_kline.py:131 Tushare 拉取 000669 失败(2/3): ERROR.
2025-07-05 15:00:48,717 [WARNING] fetch_kline.py:131 Tushare 拉取 002051 失败(1/3): ERROR.
2025-07-05 15:00:48,717 [WARNING] fetch_kline.py:131 Tushare 拉取 002053 失败(1/3): ERROR.
2025-07-05 15:00:48,717 [WARNING] fetch_kline.py:131 Tushare 拉取 002052 失败(1/3): ERROR.
2025-07-05 15:00:51,465 [WARNING] fetch_kline.py:131 Tushare 拉取 002053 失败(2/3): ERROR.
2025-07-05 15:00:51,632 [WARNING] fetch_kline.py:131 Tushare 拉取 002052 失败(2/3): ERROR.
2025-07-05 15:00:52,110 [WARNING] fetch_kline.py:131 Tushare 拉取 002051 失败(2/3): ERROR.
2025-07-05 15:00:54,955 [WARNING] fetch_kline.py:131 Tushare 拉取 002053 失败(3/3): ERROR.
2025-07-05 15:05:35,393 [WARNING] fetch_kline.py:131 Tushare 拉取 002898 失败(1/3): ERROR.
2025-07-05 15:05:35,855 [WARNING] fetch_kline.py:131 Tushare 拉取 002897 失败(1/3): ERROR.
2025-07-05 15:05:35,929 [WARNING] fetch_kline.py:131 Tushare 拉取 002899 失败(1/3): ERROR.
2025-07-05 15:05:39,728 [WARNING] fetch_kline.py:131 Tushare 拉取 002897 失败(2/3): ERROR.
2025-07-05 15:05:40,688 [WARNING] fetch_kline.py:131 Tushare 拉取 002899 失败(2/3): ERROR.
2025-07-05 15:05:40,803 [WARNING] fetch_kline.py:131 Tushare 拉取 002898 失败(2/3): ERROR.
2025-07-05 15:05:43,696 [WARNING] fetch_kline.py:131 Tushare 拉取 002897 失败(3/3): ERROR.
2025-07-05 15:05:45,212 [WARNING] fetch_kline.py:131 Tushare 拉取 002899 失败(3/3): ERROR.
2025-07-05 15:05:45,409 [WARNING] fetch_kline.py:131 Tushare 拉取 002898 失败(3/3): ERROR.
2025-07-05 15:05:50,865 [WARNING] fetch_kline.py:131 Tushare 拉取 002900 失败(1/3): ERROR.
2025-07-05 15:05:51,472 [WARNING] fetch_kline.py:131 Tushare 拉取 002901 失败(1/3): ERROR.
2025-07-05 15:05:52,454 [WARNING] fetch_kline.py:131 Tushare 拉取 002902 失败(1/3): ERROR.
2025-07-05 15:05:54,217 [WARNING] fetch_kline.py:131 Tushare 拉取 002900 失败(2/3): ERROR.
2025-07-05 15:05:55,066 [WARNING] fetch_kline.py:131 Tushare 拉取 002901 失败(2/3): ERROR.
2025-07-05 15:05:55,411 [WARNING] fetch_kline.py:131 Tushare 拉取 002902 失败(2/3): ERROR.
2025-07-05 15:05:58,739 [WARNING] fetch_kline.py:131 Tushare 拉取 002900 失败(3/3): ERROR.
2025-07-05 15:05:59,142 [WARNING] fetch_kline.py:131 Tushare 拉取 002902 失败(3/3): ERROR.
2025-07-05 15:06:00,099 [WARNING] fetch_kline.py:131 Tushare 拉取 002901 失败(3/3): ERROR.
2025-07-05 15:06:04,362 [WARNING] fetch_kline.py:131 Tushare 拉取 002905 失败(1/3): ERROR.
2025-07-05 15:06:05,380 [WARNING] fetch_kline.py:131 Tushare 拉取 002903 失败(1/3): ERROR.
2025-07-05 15:06:06,003 [WARNING] fetch_kline.py:131 Tushare 拉取 002906 失败(1/3): ERROR.
2025-07-05 15:06:07,237 [WARNING] fetch_kline.py:131 Tushare 拉取 002905 失败(2/3): ERROR.
2025-07-05 15:06:10,138 [WARNING] fetch_kline.py:131 Tushare 拉取 002903 失败(2/3): ERROR.
2025-07-05 15:06:12,073 [WARNING] fetch_kline.py:131 Tushare 拉取 002906 失败(2/3): ERROR.
2025-07-05 15:06:14,820 [WARNING] fetch_kline.py:131 Tushare 拉取 002905 失败(3/3): ERROR.
2025-07-05 15:06:16,302 [WARNING] fetch_kline.py:131 Tushare 拉取 002903 失败(3/3): ERROR.
2025-07-05 15:06:17,309 [WARNING] fetch_kline.py:131 Tushare 拉取 002906 失败(3/3): ERROR.
2025-07-05 15:06:24,135 [WARNING] fetch_kline.py:131 Tushare 拉取 002907 失败(1/3): ERROR.
2025-07-05 15:06:24,636 [WARNING] fetch_kline.py:131 Tushare 拉取 002909 失败(1/3): ERROR.
2025-07-05 15:06:26,692 [WARNING] fetch_kline.py:131 Tushare 拉取 002908 失败(1/3): ERROR.
2025-07-05 15:06:28,248 [WARNING] fetch_kline.py:131 Tushare 拉取 002909 失败(2/3): ERROR.
2025-07-05 15:06:28,249 [WARNING] fetch_kline.py:131 Tushare 拉取 002907 失败(2/3): ERROR.
2025-07-05 15:06:35,325 [WARNING] fetch_kline.py:131 Tushare 拉取 002908 失败(2/3): ERROR.
2025-07-05 15:06:35,633 [WARNING] fetch_kline.py:131 Tushare 拉取 002909 失败(3/3): ERROR.
2025-07-05 15:06:36,347 [WARNING] fetch_kline.py:131 Tushare 拉取 002907 失败(3/3): ERROR.
2025-07-05 15:06:41,617 [WARNING] fetch_kline.py:131 Tushare 拉取 002908 失败(3/3): ERROR.
2025-07-05 15:06:44,207 [WARNING] fetch_kline.py:131 Tushare 拉取 002910 失败(1/3): ERROR.
2025-07-05 15:06:44,318 [WARNING] fetch_kline.py:131 Tushare 拉取 002911 失败(1/3): ERROR.
2025-07-05 15:06:48,328 [WARNING] fetch_kline.py:131 Tushare 拉取 002911 失败(2/3): ERROR.
2025-07-05 15:06:48,446 [WARNING] fetch_kline.py:131 Tushare 拉取 002910 失败(2/3): ERROR.
2025-07-05 15:06:48,492 [WARNING] fetch_kline.py:131 Tushare 拉取 002912 失败(1/3): ERROR.
2025-07-05 15:06:58,709 [WARNING] fetch_kline.py:131 Tushare 拉取 002912 失败(2/3): ERROR.
2025-07-05 15:06:58,917 [WARNING] fetch_kline.py:131 Tushare 拉取 002911 失败(3/3): ERROR.
2025-07-05 15:06:59,672 [WARNING] fetch_kline.py:131 Tushare 拉取 002910 失败(3/3): ERROR.
2025-07-05 15:07:04,230 [WARNING] fetch_kline.py:131 Tushare 拉取 002912 失败(3/3): ERROR.
2025-07-05 15:07:04,369 [WARNING] fetch_kline.py:131 Tushare 拉取 002913 失败(1/3): ERROR.
2025-07-05 15:07:04,385 [WARNING] fetch_kline.py:131 Tushare 拉取 002915 失败(1/3): ERROR.
2025-07-05 15:07:13,864 [WARNING] fetch_kline.py:131 Tushare 拉取 002913 失败(2/3): ERROR.
2025-07-05 15:07:14,060 [WARNING] fetch_kline.py:131 Tushare 拉取 002915 失败(2/3): ERROR.
2025-07-05 15:07:15,034 [WARNING] fetch_kline.py:131 Tushare 拉取 002916 失败(1/3): ERROR.
2025-07-05 15:07:24,773 [WARNING] fetch_kline.py:131 Tushare 拉取 002915 失败(3/3): ERROR.
2025-07-05 15:07:24,829 [WARNING] fetch_kline.py:131 Tushare 拉取 002913 失败(3/3): ERROR.
2025-07-05 15:07:25,027 [WARNING] fetch_kline.py:131 Tushare 拉取 002916 失败(2/3): ERROR.
2025-07-05 15:07:31,338 [WARNING] fetch_kline.py:131 Tushare 拉取 002917 失败(1/3): ERROR.
2025-07-05 15:07:31,408 [WARNING] fetch_kline.py:131 Tushare 拉取 002916 失败(3/3): ERROR.
2025-07-05 15:07:31,988 [WARNING] fetch_kline.py:131 Tushare 拉取 002918 失败(1/3): ERROR.
2025-07-05 15:07:37,379 [WARNING] fetch_kline.py:131 Tushare 拉取 002917 失败(2/3): ERROR.
2025-07-05 15:07:38,136 [WARNING] fetch_kline.py:131 Tushare 拉取 002918 失败(2/3): ERROR.
2025-07-05 15:07:38,381 [WARNING] fetch_kline.py:131 Tushare 拉取 002919 失败(1/3): ERROR.
2025-07-05 15:07:44,369 [WARNING] fetch_kline.py:131 Tushare 拉取 002917 失败(3/3): ERROR.
2025-07-05 15:07:45,421 [WARNING] fetch_kline.py:131 Tushare 拉取 002918 失败(3/3): ERROR.
2025-07-05 15:07:45,427 [WARNING] fetch_kline.py:131 Tushare 拉取 002919 失败(2/3): ERROR.
2025-07-05 15:07:50,339 [WARNING] fetch_kline.py:131 Tushare 拉取 002920 失败(1/3): ERROR.
2025-07-05 15:07:50,854 [WARNING] fetch_kline.py:131 Tushare 拉取 002919 失败(3/3): ERROR.
2025-07-05 15:07:51,977 [WARNING] fetch_kline.py:131 Tushare 拉取 002921 失败(1/3): ERROR.
2025-07-05 15:07:54,302 [WARNING] fetch_kline.py:131 Tushare 拉取 002920 失败(2/3): ERROR.
2025-07-05 15:07:54,489 [WARNING] fetch_kline.py:131 Tushare 拉取 002921 失败(2/3): ERROR.
2025-07-05 15:07:58,407 [WARNING] fetch_kline.py:131 Tushare 拉取 002922 失败(1/3): ERROR.
2025-07-05 15:07:58,415 [WARNING] fetch_kline.py:131 Tushare 拉取 002921 失败(3/3): ERROR.
2025-07-05 15:07:59,848 [WARNING] fetch_kline.py:131 Tushare 拉取 002920 失败(3/3): ERROR.
2025-07-05 15:08:02,194 [WARNING] fetch_kline.py:131 Tushare 拉取 002922 失败(2/3): ERROR.
2025-07-05 15:08:06,559 [WARNING] fetch_kline.py:131 Tushare 拉取 002923 失败(1/3): ERROR.
2025-07-05 15:08:07,890 [WARNING] fetch_kline.py:131 Tushare 拉取 002925 失败(1/3): ERROR.
2025-07-05 15:08:08,526 [WARNING] fetch_kline.py:131 Tushare 拉取 002922 失败(3/3): ERROR.
2025-07-05 15:08:10,017 [WARNING] fetch_kline.py:131 Tushare 拉取 002923 失败(2/3): ERROR.
2025-07-05 15:08:10,619 [WARNING] fetch_kline.py:131 Tushare 拉取 002925 失败(2/3): ERROR.
2025-07-05 15:08:18,103 [WARNING] fetch_kline.py:131 Tushare 拉取 002923 失败(3/3): ERROR.
2025-07-05 15:08:18,436 [WARNING] fetch_kline.py:131 Tushare 拉取 002925 失败(3/3): ERROR.
2025-07-05 15:08:18,442 [WARNING] fetch_kline.py:131 Tushare 拉取 002926 失败(1/3): ERROR.
2025-07-05 15:08:26,604 [WARNING] fetch_kline.py:131 Tushare 拉取 002926 失败(2/3): ERROR.
2025-07-05 15:08:27,106 [WARNING] fetch_kline.py:131 Tushare 拉取 002927 失败(1/3): ERROR.
2025-07-05 15:08:27,133 [WARNING] fetch_kline.py:131 Tushare 拉取 002928 失败(1/3): ERROR.
2025-07-05 15:08:29,743 [WARNING] fetch_kline.py:131 Tushare 拉取 002928 失败(2/3): ERROR.
2025-07-05 15:08:30,096 [WARNING] fetch_kline.py:131 Tushare 拉取 002927 失败(2/3): ERROR.
2025-07-05 15:08:30,658 [WARNING] fetch_kline.py:131 Tushare 拉取 002926 失败(3/3): ERROR.
2025-07-05 15:08:36,615 [WARNING] fetch_kline.py:131 Tushare 拉取 002928 失败(3/3): ERROR.
2025-07-05 15:08:36,626 [WARNING] fetch_kline.py:131 Tushare 拉取 002929 失败(1/3): ERROR.
2025-07-05 15:08:36,796 [WARNING] fetch_kline.py:131 Tushare 拉取 002927 失败(3/3): ERROR.
2025-07-05 15:08:41,113 [WARNING] fetch_kline.py:131 Tushare 拉取 002929 失败(2/3): ERROR.
2025-07-05 15:08:41,499 [WARNING] fetch_kline.py:131 Tushare 拉取 002930 失败(1/3): ERROR.
2025-07-05 15:08:46,353 [WARNING] fetch_kline.py:131 Tushare 拉取 002931 失败(1/3): ERROR.
2025-07-05 15:08:46,360 [WARNING] fetch_kline.py:131 Tushare 拉取 002930 失败(2/3): ERROR.
2025-07-05 15:08:46,509 [WARNING] fetch_kline.py:131 Tushare 拉取 002929 失败(3/3): ERROR.
2025-07-05 15:08:50,806 [WARNING] fetch_kline.py:131 Tushare 拉取 002931 失败(2/3): ERROR.
2025-07-05 15:08:50,962 [WARNING] fetch_kline.py:131 Tushare 拉取 002930 失败(3/3): ERROR.
2025-07-05 15:08:55,034 [WARNING] fetch_kline.py:131 Tushare 拉取 002932 失败(1/3): ERROR.
2025-07-05 15:08:55,636 [WARNING] fetch_kline.py:131 Tushare 拉取 002931 失败(3/3): ERROR.
2025-07-05 15:08:59,402 [WARNING] fetch_kline.py:131 Tushare 拉取 002932 失败(2/3): ERROR.
2025-07-05 15:08:59,403 [WARNING] fetch_kline.py:131 Tushare 拉取 002933 失败(1/3): ERROR.
2025-07-05 15:09:03,086 [WARNING] fetch_kline.py:131 Tushare 拉取 002933 失败(2/3): ERROR.
2025-07-05 15:09:04,390 [WARNING] fetch_kline.py:131 Tushare 拉取 002935 失败(1/3): ERROR.
2025-07-05 15:09:07,209 [WARNING] fetch_kline.py:131 Tushare 拉取 002932 失败(3/3): ERROR.
2025-07-05 15:09:11,062 [WARNING] fetch_kline.py:131 Tushare 拉取 002935 失败(2/3): ERROR.
2025-07-05 15:09:11,176 [WARNING] fetch_kline.py:131 Tushare 拉取 002933 失败(3/3): ERROR.
2025-07-05 15:09:17,086 [WARNING] fetch_kline.py:131 Tushare 拉取 002936 失败(1/3): ERROR.
2025-07-05 15:09:17,087 [WARNING] fetch_kline.py:131 Tushare 拉取 002935 失败(3/3): ERROR.
2025-07-05 15:09:19,210 [WARNING] fetch_kline.py:131 Tushare 拉取 002937 失败(1/3): ERROR.
2025-07-05 15:09:20,121 [WARNING] fetch_kline.py:131 Tushare 拉取 002936 失败(2/3): ERROR.
2025-07-05 15:09:25,156 [WARNING] fetch_kline.py:131 Tushare 拉取 002937 失败(2/3): ERROR.
2025-07-05 15:09:25,275 [WARNING] fetch_kline.py:131 Tushare 拉取 002936 失败(3/3): ERROR.
2025-07-05 15:09:25,372 [WARNING] fetch_kline.py:131 Tushare 拉取 002938 失败(1/3): ERROR.
2025-07-05 15:09:35,924 [WARNING] fetch_kline.py:131 Tushare 拉取 002937 失败(3/3): ERROR.
2025-07-05 15:09:35,942 [WARNING] fetch_kline.py:131 Tushare 拉取 002939 失败(1/3): ERROR.
2025-07-05 15:09:36,136 [WARNING] fetch_kline.py:131 Tushare 拉取 002938 失败(2/3): ERROR.
2025-07-05 15:09:41,660 [WARNING] fetch_kline.py:131 Tushare 拉取 002940 失败(1/3): ERROR.
2025-07-05 15:09:41,703 [WARNING] fetch_kline.py:131 Tushare 拉取 002938 失败(3/3): ERROR.
2025-07-05 15:09:41,975 [WARNING] fetch_kline.py:131 Tushare 拉取 002939 失败(2/3): ERROR.
2025-07-05 15:09:48,112 [WARNING] fetch_kline.py:131 Tushare 拉取 002941 失败(1/3): ERROR.
2025-07-05 15:09:48,216 [WARNING] fetch_kline.py:131 Tushare 拉取 002939 失败(3/3): ERROR.
2025-07-05 15:09:48,872 [WARNING] fetch_kline.py:131 Tushare 拉取 002940 失败(2/3): ERROR.
2025-07-05 15:09:54,495 [WARNING] fetch_kline.py:131 Tushare 拉取 002941 失败(2/3): ERROR.
2025-07-05 15:09:55,432 [WARNING] fetch_kline.py:131 Tushare 拉取 002942 失败(1/3): ERROR.
2025-07-05 15:09:55,433 [WARNING] fetch_kline.py:131 Tushare 拉取 002940 失败(3/3): ERROR.
2025-07-05 15:10:03,991 [WARNING] fetch_kline.py:131 Tushare 拉取 002942 失败(2/3): ERROR.
2025-07-05 15:10:04,652 [WARNING] fetch_kline.py:131 Tushare 拉取 002941 失败(3/3): ERROR.
2025-07-05 15:10:05,155 [WARNING] fetch_kline.py:131 Tushare 拉取 002943 失败(1/3): ERROR.
2025-07-05 15:10:10,629 [WARNING] fetch_kline.py:131 Tushare 拉取 002942 失败(3/3): ERROR.
2025-07-05 15:10:13,035 [WARNING] fetch_kline.py:131 Tushare 拉取 002943 失败(2/3): ERROR.
2025-07-05 15:10:15,796 [WARNING] fetch_kline.py:131 Tushare 拉取 002945 失败(1/3): ERROR.
2025-07-05 15:10:16,485 [WARNING] fetch_kline.py:131 Tushare 拉取 002943 失败(3/3): ERROR.
2025-07-05 15:10:17,706 [WARNING] fetch_kline.py:131 Tushare 拉取 002946 失败(1/3): ERROR.
2025-07-05 15:10:18,555 [WARNING] fetch_kline.py:131 Tushare 拉取 002945 失败(2/3): ERROR.
2025-07-05 15:10:22,224 [WARNING] fetch_kline.py:131 Tushare 拉取 002946 失败(2/3): ERROR.
2025-07-05 15:10:22,653 [WARNING] fetch_kline.py:131 Tushare 拉取 002947 失败(1/3): ERROR.
2025-07-05 15:10:22,728 [WARNING] fetch_kline.py:131 Tushare 拉取 002945 失败(3/3): ERROR.
2025-07-05 15:10:27,459 [WARNING] fetch_kline.py:131 Tushare 拉取 002946 失败(3/3): ERROR.
2025-07-05 15:10:27,459 [WARNING] fetch_kline.py:131 Tushare 拉取 002947 失败(2/3): ERROR.
2025-07-05 15:10:29,598 [WARNING] fetch_kline.py:131 Tushare 拉取 002948 失败(1/3): ERROR.
2025-07-05 15:10:36,836 [WARNING] fetch_kline.py:131 Tushare 拉取 002948 失败(2/3): ERROR.
2025-07-05 15:10:36,837 [WARNING] fetch_kline.py:131 Tushare 拉取 002947 失败(3/3): ERROR.
2025-07-05 15:10:36,838 [WARNING] fetch_kline.py:131 Tushare 拉取 002949 失败(1/3): ERROR.
2025-07-05 15:10:43,840 [WARNING] fetch_kline.py:131 Tushare 拉取 002949 失败(2/3): ERROR.
2025-07-05 15:10:43,927 [WARNING] fetch_kline.py:131 Tushare 拉取 002948 失败(3/3): ERROR.
2025-07-05 15:10:44,182 [WARNING] fetch_kline.py:131 Tushare 拉取 002950 失败(1/3): ERROR.
2025-07-05 15:10:48,741 [WARNING] fetch_kline.py:131 Tushare 拉取 002950 失败(2/3): ERROR.
2025-07-05 15:10:48,910 [WARNING] fetch_kline.py:131 Tushare 拉取 002949 失败(3/3): ERROR.
2025-07-05 15:10:53,071 [WARNING] fetch_kline.py:131 Tushare 拉取 002951 失败(1/3): ERROR.
2025-07-05 15:10:53,742 [WARNING] fetch_kline.py:131 Tushare 拉取 002950 失败(3/3): ERROR.
2025-07-05 15:10:54,702 [WARNING] fetch_kline.py:131 Tushare 拉取 002952 失败(1/3): ERROR.
2025-07-05 15:10:55,538 [WARNING] fetch_kline.py:131 Tushare 拉取 002951 失败(2/3): ERROR.
2025-07-05 15:10:57,828 [WARNING] fetch_kline.py:131 Tushare 拉取 002952 失败(2/3): ERROR.
2025-07-05 15:11:03,940 [WARNING] fetch_kline.py:131 Tushare 拉取 002953 失败(1/3): ERROR.
2025-07-05 15:11:04,215 [WARNING] fetch_kline.py:131 Tushare 拉取 002951 失败(3/3): ERROR.
2025-07-05 15:11:04,215 [WARNING] fetch_kline.py:131 Tushare 拉取 002952 失败(3/3): ERROR.
2025-07-05 15:11:13,764 [WARNING] fetch_kline.py:131 Tushare 拉取 002953 失败(2/3): ERROR.
2025-07-05 15:11:13,961 [WARNING] fetch_kline.py:131 Tushare 拉取 002955 失败(1/3): ERROR.
2025-07-05 15:11:14,323 [WARNING] fetch_kline.py:131 Tushare 拉取 002956 失败(1/3): ERROR.
2025-07-05 15:11:25,043 [WARNING] fetch_kline.py:131 Tushare 拉取 002955 失败(2/3): ERROR.
2025-07-05 15:11:26,391 [WARNING] fetch_kline.py:131 Tushare 拉取 002956 失败(2/3): ERROR.
2025-07-05 15:11:27,011 [WARNING] fetch_kline.py:131 Tushare 拉取 002953 失败(3/3): ERROR.
2025-07-05 15:11:43,199 [WARNING] fetch_kline.py:131 Tushare 拉取 002955 失败(3/3): ERROR.
2025-07-05 15:11:44,288 [WARNING] fetch_kline.py:131 Tushare 拉取 002956 失败(3/3): ERROR.
2025-07-05 15:11:44,327 [WARNING] fetch_kline.py:131 Tushare 拉取 002957 失败(1/3): ERROR.
2025-07-05 15:11:52,423 [WARNING] fetch_kline.py:131 Tushare 拉取 002957 失败(2/3): ERROR.
2025-07-05 15:12:06,726 [WARNING] fetch_kline.py:131 Tushare 拉取 002959 失败(1/3): ERROR.
2025-07-05 15:12:07,686 [WARNING] fetch_kline.py:131 Tushare 拉取 002958 失败(1/3): ERROR.
2025-07-05 15:12:13,771 [WARNING] fetch_kline.py:131 Tushare 拉取 002957 失败(3/3): ERROR.
2025-07-05 15:12:15,145 [WARNING] fetch_kline.py:131 Tushare 拉取 002958 失败(2/3): ERROR.
2025-07-05 15:12:15,146 [WARNING] fetch_kline.py:131 Tushare 拉取 002959 失败(2/3): ERROR.
2025-07-05 15:12:19,244 [WARNING] fetch_kline.py:131 Tushare 拉取 002958 失败(3/3): ERROR.
2025-07-05 15:12:19,289 [WARNING] fetch_kline.py:131 Tushare 拉取 002959 失败(3/3): ERROR.
2025-07-05 15:12:24,940 [WARNING] fetch_kline.py:131 Tushare 拉取 002960 失败(1/3): ERROR.
2025-07-05 15:12:26,033 [WARNING] fetch_kline.py:131 Tushare 拉取 002962 失败(1/3): ERROR.
2025-07-05 15:12:30,642 [WARNING] fetch_kline.py:131 Tushare 拉取 002961 失败(1/3): ERROR.
2025-07-05 15:12:32,749 [WARNING] fetch_kline.py:131 Tushare 拉取 002960 失败(2/3): ERROR.
2025-07-05 15:12:32,797 [WARNING] fetch_kline.py:131 Tushare 拉取 002962 失败(2/3): ERROR.
2025-07-05 15:12:33,647 [WARNING] fetch_kline.py:131 Tushare 拉取 002961 失败(2/3): ERROR.
2025-07-05 15:12:45,002 [WARNING] fetch_kline.py:131 Tushare 拉取 002962 失败(3/3): ERROR.
2025-07-05 15:12:45,736 [WARNING] fetch_kline.py:131 Tushare 拉取 002961 失败(3/3): ERROR.
2025-07-05 15:12:46,074 [WARNING] fetch_kline.py:131 Tushare 拉取 002960 失败(3/3): ERROR.
2025-07-05 15:12:54,522 [WARNING] fetch_kline.py:131 Tushare 拉取 002963 失败(1/3): ERROR.
2025-07-05 15:12:54,544 [WARNING] fetch_kline.py:131 Tushare 拉取 002965 失败(1/3): ERROR.
2025-07-05 15:12:54,621 [WARNING] fetch_kline.py:131 Tushare 拉取 002966 失败(1/3): ERROR.
2025-07-05 15:13:03,726 [WARNING] fetch_kline.py:131 Tushare 拉取 002965 失败(2/3): ERROR.
2025-07-05 15:13:05,154 [WARNING] fetch_kline.py:131 Tushare 拉取 002963 失败(2/3): ERROR.
2025-07-05 15:13:07,260 [WARNING] fetch_kline.py:131 Tushare 拉取 002966 失败(2/3): ERROR.
2025-07-05 15:13:09,549 [WARNING] fetch_kline.py:131 Tushare 拉取 002965 失败(3/3): ERROR.
2025-07-05 15:13:10,553 [WARNING] fetch_kline.py:131 Tushare 拉取 002963 失败(3/3): ERROR.
2025-07-05 15:13:15,668 [WARNING] fetch_kline.py:131 Tushare 拉取 002966 失败(3/3): ERROR.
2025-07-05 15:13:17,290 [WARNING] fetch_kline.py:131 Tushare 拉取 002967 失败(1/3): ERROR.
2025-07-05 15:13:17,719 [WARNING] fetch_kline.py:131 Tushare 拉取 002968 失败(1/3): ERROR.
2025-07-05 15:13:20,005 [WARNING] fetch_kline.py:131 Tushare 拉取 002967 失败(2/3): ERROR.
2025-07-05 15:13:20,418 [WARNING] fetch_kline.py:131 Tushare 拉取 002969 失败(1/3): ERROR.
2025-07-05 15:13:20,674 [WARNING] fetch_kline.py:131 Tushare 拉取 002968 失败(2/3): ERROR.
2025-07-05 15:13:30,804 [WARNING] fetch_kline.py:131 Tushare 拉取 002968 失败(3/3): ERROR.
2025-07-05 15:13:30,944 [WARNING] fetch_kline.py:131 Tushare 拉取 002967 失败(3/3): ERROR.
2025-07-05 15:13:30,955 [WARNING] fetch_kline.py:131 Tushare 拉取 002969 失败(2/3): ERROR.
2025-07-05 15:13:38,128 [WARNING] fetch_kline.py:131 Tushare 拉取 002970 失败(1/3): ERROR.
2025-07-05 15:13:38,185 [WARNING] fetch_kline.py:131 Tushare 拉取 002969 失败(3/3): ERROR.
2025-07-05 15:13:38,272 [WARNING] fetch_kline.py:131 Tushare 拉取 002971 失败(1/3): ERROR.
2025-07-05 15:13:41,516 [WARNING] fetch_kline.py:131 Tushare 拉取 002970 失败(2/3): ERROR.
2025-07-05 15:13:41,524 [WARNING] fetch_kline.py:131 Tushare 拉取 002971 失败(2/3): ERROR.
2025-07-05 15:13:52,344 [WARNING] fetch_kline.py:131 Tushare 拉取 002972 失败(1/3): ERROR.
2025-07-05 15:13:55,044 [WARNING] fetch_kline.py:131 Tushare 拉取 002970 失败(3/3): ERROR.
2025-07-05 15:13:55,071 [WARNING] fetch_kline.py:131 Tushare 拉取 002971 失败(3/3): ERROR.
2025-07-05 15:14:14,856 [WARNING] fetch_kline.py:131 Tushare 拉取 002975 失败(1/3): ERROR.
2025-07-05 15:14:15,149 [WARNING] fetch_kline.py:131 Tushare 拉取 002973 失败(1/3): ERROR.
2025-07-05 15:14:15,187 [WARNING] fetch_kline.py:131 Tushare 拉取 002972 失败(2/3): ERROR.
2025-07-05 15:14:17,432 [WARNING] fetch_kline.py:131 Tushare 拉取 002975 失败(2/3): ERROR.
2025-07-05 15:14:17,839 [WARNING] fetch_kline.py:131 Tushare 拉取 002973 失败(2/3): ERROR.
2025-07-05 15:14:26,245 [WARNING] fetch_kline.py:131 Tushare 拉取 002972 失败(3/3): ERROR.
2025-07-05 15:14:26,245 [WARNING] fetch_kline.py:131 Tushare 拉取 002975 失败(3/3): ERROR.
2025-07-05 15:14:26,246 [WARNING] fetch_kline.py:131 Tushare 拉取 002973 失败(3/3): ERROR.
2025-07-05 15:14:31,134 [WARNING] fetch_kline.py:131 Tushare 拉取 002976 失败(1/3): ERROR.
2025-07-05 15:14:37,291 [WARNING] fetch_kline.py:131 Tushare 拉取 002977 失败(1/3): ERROR.
2025-07-05 15:14:38,627 [WARNING] fetch_kline.py:131 Tushare 拉取 002978 失败(1/3): ERROR.
2025-07-05 15:14:39,666 [WARNING] fetch_kline.py:131 Tushare 拉取 002976 失败(2/3): ERROR.
2025-07-05 15:14:44,716 [WARNING] fetch_kline.py:131 Tushare 拉取 002977 失败(2/3): ERROR.
2025-07-05 15:14:44,898 [WARNING] fetch_kline.py:131 Tushare 拉取 002978 失败(2/3): ERROR.
2025-07-05 15:14:46,289 [WARNING] fetch_kline.py:131 Tushare 拉取 002976 失败(3/3): ERROR.
2025-07-05 15:14:48,450 [WARNING] fetch_kline.py:131 Tushare 拉取 002977 失败(3/3): ERROR.
2025-07-05 15:14:56,555 [WARNING] fetch_kline.py:131 Tushare 拉取 002978 失败(3/3): ERROR.
2025-07-05 15:14:59,702 [WARNING] fetch_kline.py:131 Tushare 拉取 002979 失败(1/3): ERROR.
2025-07-05 15:14:59,733 [WARNING] fetch_kline.py:131 Tushare 拉取 002980 失败(1/3): ERROR.
2025-07-05 15:15:14,204 [WARNING] fetch_kline.py:131 Tushare 拉取 002981 失败(1/3): ERROR.
2025-07-05 15:15:15,465 [WARNING] fetch_kline.py:131 Tushare 拉取 002980 失败(2/3): ERROR.
2025-07-05 15:15:15,475 [WARNING] fetch_kline.py:131 Tushare 拉取 002979 失败(2/3): ERROR.
2025-07-05 15:15:16,725 [WARNING] fetch_kline.py:131 Tushare 拉取 002981 失败(2/3): ERROR.
2025-07-05 15:15:18,626 [WARNING] fetch_kline.py:131 Tushare 拉取 002979 失败(3/3): ERROR.
2025-07-05 15:15:20,012 [WARNING] fetch_kline.py:131 Tushare 拉取 002980 失败(3/3): ERROR.
2025-07-05 15:15:20,339 [WARNING] fetch_kline.py:131 Tushare 拉取 002981 失败(3/3): ERROR.
2025-07-05 15:15:24,359 [WARNING] fetch_kline.py:131 Tushare 拉取 002982 失败(1/3): ERROR.
2025-07-05 15:15:25,048 [WARNING] fetch_kline.py:131 Tushare 拉取 002983 失败(1/3): ERROR.
2025-07-05 15:15:25,497 [WARNING] fetch_kline.py:131 Tushare 拉取 002984 失败(1/3): ERROR.
2025-07-05 15:15:26,870 [WARNING] fetch_kline.py:131 Tushare 拉取 002982 失败(2/3): ERROR.
2025-07-05 15:15:27,976 [WARNING] fetch_kline.py:131 Tushare 拉取 002983 失败(2/3): ERROR.
2025-07-05 15:15:28,265 [WARNING] fetch_kline.py:131 Tushare 拉取 002984 失败(2/3): ERROR.
2025-07-05 15:15:30,071 [WARNING] fetch_kline.py:131 Tushare 拉取 002982 失败(3/3): ERROR.
2025-07-05 15:15:31,639 [WARNING] fetch_kline.py:131 Tushare 拉取 002984 失败(3/3): ERROR.
2025-07-05 15:15:33,006 [WARNING] fetch_kline.py:131 Tushare 拉取 002983 失败(3/3): ERROR.
2025-07-05 15:15:38,602 [WARNING] fetch_kline.py:131 Tushare 拉取 002987 失败(1/3): ERROR.
2025-07-05 15:15:38,736 [WARNING] fetch_kline.py:131 Tushare 拉取 002985 失败(1/3): ERROR.
2025-07-05 15:15:38,737 [WARNING] fetch_kline.py:131 Tushare 拉取 002986 失败(1/3): ERROR.
2025-07-05 15:15:44,569 [WARNING] fetch_kline.py:131 Tushare 拉取 002987 失败(2/3): ERROR.
2025-07-05 15:15:44,830 [WARNING] fetch_kline.py:131 Tushare 拉取 002985 失败(2/3): ERROR.
2025-07-05 15:15:44,876 [WARNING] fetch_kline.py:131 Tushare 拉取 002986 失败(2/3): ERROR.
2025-07-05 15:15:59,012 [WARNING] fetch_kline.py:131 Tushare 拉取 002986 失败(3/3): ERROR.
2025-07-05 15:16:03,207 [WARNING] fetch_kline.py:131 Tushare 拉取 002987 失败(3/3): ERROR.
2025-07-05 15:16:05,176 [WARNING] fetch_kline.py:131 Tushare 拉取 002988 失败(1/3): ERROR.
2025-07-05 15:16:15,204 [WARNING] fetch_kline.py:131 Tushare 拉取 002988 失败(2/3): ERROR.
2025-07-05 15:16:16,406 [WARNING] fetch_kline.py:131 Tushare 拉取 002989 失败(1/3): ERROR.
2025-07-05 15:16:27,686 [WARNING] fetch_kline.py:131 Tushare 拉取 002985 失败(3/3): ERROR.
2025-07-05 15:16:27,783 [WARNING] fetch_kline.py:131 Tushare 拉取 002989 失败(2/3): ERROR.
2025-07-05 15:16:28,519 [WARNING] fetch_kline.py:131 Tushare 拉取 002988 失败(3/3): ERROR.
2025-07-05 15:16:32,128 [WARNING] fetch_kline.py:131 Tushare 拉取 002989 失败(3/3): ERROR.
2025-07-05 15:16:35,485 [WARNING] fetch_kline.py:131 Tushare 拉取 002990 失败(1/3): ERROR.
2025-07-05 15:16:42,432 [WARNING] fetch_kline.py:131 Tushare 拉取 002992 失败(1/3): ERROR.
2025-07-05 15:16:42,501 [WARNING] fetch_kline.py:131 Tushare 拉取 002991 失败(1/3): ERROR.
2025-07-05 15:16:42,733 [WARNING] fetch_kline.py:131 Tushare 拉取 002990 失败(2/3): ERROR.
2025-07-05 15:16:44,845 [WARNING] fetch_kline.py:131 Tushare 拉取 002992 失败(2/3): ERROR.
2025-07-05 15:16:49,523 [WARNING] fetch_kline.py:131 Tushare 拉取 002991 失败(2/3): ERROR.
2025-07-05 15:16:52,502 [WARNING] fetch_kline.py:131 Tushare 拉取 002990 失败(3/3): ERROR.
2025-07-05 15:16:53,727 [WARNING] fetch_kline.py:131 Tushare 拉取 002992 失败(3/3): ERROR.
2025-07-05 15:16:56,150 [WARNING] fetch_kline.py:131 Tushare 拉取 002991 失败(3/3): ERROR.
2025-07-05 15:17:00,287 [WARNING] fetch_kline.py:131 Tushare 拉取 002993 失败(1/3): ERROR.
2025-07-05 15:17:00,288 [WARNING] fetch_kline.py:131 Tushare 拉取 002995 失败(1/3): ERROR.
2025-07-05 15:17:03,041 [WARNING] fetch_kline.py:131 Tushare 拉取 002996 失败(1/3): ERROR.
2025-07-05 15:17:04,943 [WARNING] fetch_kline.py:131 Tushare 拉取 002995 失败(2/3): ERROR.
2025-07-05 15:17:05,796 [WARNING] fetch_kline.py:131 Tushare 拉取 002996 失败(2/3): ERROR.
2025-07-05 15:17:11,196 [WARNING] fetch_kline.py:131 Tushare 拉取 002993 失败(2/3): ERROR.
2025-07-05 15:17:14,531 [WARNING] fetch_kline.py:131 Tushare 拉取 002995 失败(3/3): ERROR.
2025-07-05 15:17:14,737 [WARNING] fetch_kline.py:131 Tushare 拉取 002996 失败(3/3): ERROR.
2025-07-05 15:17:15,421 [WARNING] fetch_kline.py:131 Tushare 拉取 002993 失败(3/3): ERROR.
2025-07-05 15:17:23,278 [WARNING] fetch_kline.py:131 Tushare 拉取 002997 失败(1/3): ERROR.
2025-07-05 15:17:23,507 [WARNING] fetch_kline.py:131 Tushare 拉取 002998 失败(1/3): ERROR.
2025-07-05 15:17:23,639 [WARNING] fetch_kline.py:131 Tushare 拉取 002999 失败(1/3): ERROR.
2025-07-05 15:17:35,979 [WARNING] fetch_kline.py:131 Tushare 拉取 002998 失败(2/3): ERROR.
2025-07-05 15:17:36,478 [WARNING] fetch_kline.py:131 Tushare 拉取 002997 失败(2/3): ERROR.
2025-07-05 15:17:38,526 [WARNING] fetch_kline.py:131 Tushare 拉取 002999 失败(2/3): ERROR.
2025-07-05 15:17:46,973 [WARNING] fetch_kline.py:131 Tushare 拉取 002997 失败(3/3): ERROR.
2025-07-05 15:17:46,974 [WARNING] fetch_kline.py:131 Tushare 拉取 002998 失败(3/3): ERROR.
2025-07-05 15:17:55,228 [WARNING] fetch_kline.py:131 Tushare 拉取 002999 失败(3/3): ERROR.
2025-07-05 15:18:00,558 [WARNING] fetch_kline.py:131 Tushare 拉取 003001 失败(1/3): ERROR.
2025-07-05 15:18:00,558 [WARNING] fetch_kline.py:131 Tushare 拉取 003000 失败(1/3): ERROR.
2025-07-05 15:18:09,770 [WARNING] fetch_kline.py:131 Tushare 拉取 003001 失败(2/3): ERROR.
2025-07-05 15:18:11,972 [WARNING] fetch_kline.py:131 Tushare 拉取 003000 失败(2/3): ERROR.
2025-07-05 15:18:12,713 [WARNING] fetch_kline.py:131 Tushare 拉取 003002 失败(1/3): ERROR.
2025-07-05 15:18:15,971 [WARNING] fetch_kline.py:131 Tushare 拉取 003001 失败(3/3): ERROR.
2025-07-05 15:18:16,180 [WARNING] fetch_kline.py:131 Tushare 拉取 003002 失败(2/3): ERROR.
2025-07-05 15:18:16,368 [WARNING] fetch_kline.py:131 Tushare 拉取 003000 失败(3/3): ERROR.
2025-07-05 15:18:22,325 [WARNING] fetch_kline.py:131 Tushare 拉取 003002 失败(3/3): ERROR.
2025-07-05 15:18:23,216 [WARNING] fetch_kline.py:131 Tushare 拉取 003003 失败(1/3): ERROR.
2025-07-05 15:18:23,282 [WARNING] fetch_kline.py:131 Tushare 拉取 003004 失败(1/3): ERROR.
2025-07-05 15:18:26,251 [WARNING] fetch_kline.py:131 Tushare 拉取 003003 失败(2/3): ERROR.
2025-07-05 15:18:26,453 [WARNING] fetch_kline.py:131 Tushare 拉取 003004 失败(2/3): ERROR.
2025-07-05 15:18:31,748 [WARNING] fetch_kline.py:131 Tushare 拉取 003005 失败(1/3): ERROR.
2025-07-05 15:18:35,565 [WARNING] fetch_kline.py:131 Tushare 拉取 003003 失败(3/3): ERROR.
2025-07-05 15:18:36,505 [WARNING] fetch_kline.py:131 Tushare 拉取 003004 失败(3/3): ERROR.
2025-07-05 15:18:37,920 [WARNING] fetch_kline.py:131 Tushare 拉取 003005 失败(2/3): ERROR.
