2025-07-07 22:39:41,893 [INFO] filter_stocks.py:135 数据已保存至 stock_data/top10_stockholders_20250707.csv
2025-07-07 23:11:10,067 [INFO] filter_stocks.py:137 数据已保存至 stock_data/top10_stockholders_20250707.csv
2025-07-07 23:14:53,040 [INFO] filter_stocks.py:144 数据已保存至 stock_data/top10_stockholders_20250707.csv
2025-07-07 23:18:31,093 [INFO] filter_stocks.py:144 数据已保存至 stock_data/top10_stockholders_20250707.csv
2025-07-07 23:27:24,665 [INFO] filter_stocks.py:144 数据已保存至 stock_data/top10_stockholders_20250707.csv
2025-07-07 23:31:59,092 [INFO] filter_stocks.py:144 数据已保存至 stock_data/top10_stockholders_20250707.csv
2025-07-07 23:32:56,499 [INFO] filter_stocks.py:144 数据已保存至 stock_data/top10_stockholders_20250707.csv
2025-07-07 23:36:25,964 [INFO] filter_stocks.py:144 数据已保存至 stock_data/top10_stockholders_20250707.csv
2025-07-07 23:40:43,591 [INFO] filter_stocks.py:144 数据已保存至 stock_data/top10_stockholders_20250707.csv
2025-07-08 00:06:36,485 [INFO] filter_stocks.py:144 数据已保存至 stock_data/top10_stockholders_20250708.csv
2025-07-08 00:11:17,596 [INFO] filter_stocks.py:145 数据已保存至 stock_data/top10_stockholders_20250708.csv
2025-07-08 00:28:39,038 [INFO] filter_stocks.py:230 数据已保存至 stock_data/top10_stockholders_20250708.csv
2025-07-08 00:36:49,473 [INFO] filter_stocks.py:239 数据已保存至 stock_data/top10_stockholders_20250708.csv
2025-07-08 00:40:00,010 [WARNING] filter_stocks.py:169 查询股票 000972.SZ 的十大流通股东失败: 抱歉，您每分钟最多访问该接口200次，权限的具体详情访问：https://tushare.pro/document/1?doc_id=108。
2025-07-08 00:40:10,132 [WARNING] filter_stocks.py:169 查询股票 000973.SZ 的十大流通股东失败: 抱歉，您每分钟最多访问该接口200次，权限的具体详情访问：https://tushare.pro/document/1?doc_id=108。
2025-07-08 00:41:05,157 [WARNING] filter_stocks.py:169 查询股票 002086.SZ 的十大流通股东失败: 抱歉，您每分钟最多访问该接口200次，权限的具体详情访问：https://tushare.pro/document/1?doc_id=108。
2025-07-08 00:41:15,277 [WARNING] filter_stocks.py:169 查询股票 002088.SZ 的十大流通股东失败: 抱歉，您每分钟最多访问该接口200次，权限的具体详情访问：https://tushare.pro/document/1?doc_id=108。
2025-07-08 00:55:41,637 [WARNING] filter_stocks.py:171 查询股票 000663.SZ 的十大流通股东失败(尝试 1/3): 抱歉，您每分钟最多访问该接口200次，权限的具体详情访问：https://tushare.pro/document/1?doc_id=108。
2025-07-08 00:55:51,755 [WARNING] filter_stocks.py:171 查询股票 000663.SZ 的十大流通股东失败(尝试 2/3): 抱歉，您每分钟最多访问该接口200次，权限的具体详情访问：https://tushare.pro/document/1?doc_id=108。
2025-07-08 00:56:57,186 [WARNING] filter_stocks.py:171 查询股票 000972.SZ 的十大流通股东失败(尝试 1/3): 抱歉，您每分钟最多访问该接口200次，权限的具体详情访问：https://tushare.pro/document/1?doc_id=108。
2025-07-08 00:57:07,299 [WARNING] filter_stocks.py:171 查询股票 000972.SZ 的十大流通股东失败(尝试 2/3): 抱歉，您每分钟最多访问该接口200次，权限的具体详情访问：https://tushare.pro/document/1?doc_id=108。
2025-07-08 00:58:12,261 [WARNING] filter_stocks.py:171 查询股票 002084.SZ 的十大流通股东失败(尝试 1/3): 抱歉，您每分钟最多访问该接口200次，权限的具体详情访问：https://tushare.pro/document/1?doc_id=108。
2025-07-08 00:58:22,381 [WARNING] filter_stocks.py:171 查询股票 002084.SZ 的十大流通股东失败(尝试 2/3): 抱歉，您每分钟最多访问该接口200次，权限的具体详情访问：https://tushare.pro/document/1?doc_id=108。
2025-07-08 00:59:28,744 [WARNING] filter_stocks.py:171 查询股票 002295.SZ 的十大流通股东失败(尝试 1/3): 抱歉，您每分钟最多访问该接口200次，权限的具体详情访问：https://tushare.pro/document/1?doc_id=108。
2025-07-08 00:59:38,865 [WARNING] filter_stocks.py:171 查询股票 002295.SZ 的十大流通股东失败(尝试 2/3): 抱歉，您每分钟最多访问该接口200次，权限的具体详情访问：https://tushare.pro/document/1?doc_id=108。
2025-07-08 01:00:44,945 [WARNING] filter_stocks.py:171 查询股票 002515.SZ 的十大流通股东失败(尝试 1/3): 抱歉，您每分钟最多访问该接口200次，权限的具体详情访问：https://tushare.pro/document/1?doc_id=108。
2025-07-08 01:00:55,067 [WARNING] filter_stocks.py:171 查询股票 002515.SZ 的十大流通股东失败(尝试 2/3): 抱歉，您每分钟最多访问该接口200次，权限的具体详情访问：https://tushare.pro/document/1?doc_id=108。
2025-07-08 01:02:00,640 [WARNING] filter_stocks.py:171 查询股票 002729.SZ 的十大流通股东失败(尝试 1/3): 抱歉，您每分钟最多访问该接口200次，权限的具体详情访问：https://tushare.pro/document/1?doc_id=108。
2025-07-08 01:02:10,758 [WARNING] filter_stocks.py:171 查询股票 002729.SZ 的十大流通股东失败(尝试 2/3): 抱歉，您每分钟最多访问该接口200次，权限的具体详情访问：https://tushare.pro/document/1?doc_id=108。
2025-07-08 01:03:15,870 [WARNING] filter_stocks.py:171 查询股票 002952.SZ 的十大流通股东失败(尝试 1/3): 抱歉，您每分钟最多访问该接口200次，权限的具体详情访问：https://tushare.pro/document/1?doc_id=108。
2025-07-08 01:03:25,998 [WARNING] filter_stocks.py:171 查询股票 002952.SZ 的十大流通股东失败(尝试 2/3): 抱歉，您每分钟最多访问该接口200次，权限的具体详情访问：https://tushare.pro/document/1?doc_id=108。
2025-07-08 01:04:31,253 [WARNING] filter_stocks.py:171 查询股票 300127.SZ 的十大流通股东失败(尝试 1/3): 抱歉，您每分钟最多访问该接口200次，权限的具体详情访问：https://tushare.pro/document/1?doc_id=108。
2025-07-08 01:04:41,361 [WARNING] filter_stocks.py:171 查询股票 300127.SZ 的十大流通股东失败(尝试 2/3): 抱歉，您每分钟最多访问该接口200次，权限的具体详情访问：https://tushare.pro/document/1?doc_id=108。
2025-07-08 01:05:47,125 [WARNING] filter_stocks.py:171 查询股票 300341.SZ 的十大流通股东失败(尝试 1/3): 抱歉，您每分钟最多访问该接口200次，权限的具体详情访问：https://tushare.pro/document/1?doc_id=108。
2025-07-08 01:05:57,242 [WARNING] filter_stocks.py:171 查询股票 300341.SZ 的十大流通股东失败(尝试 2/3): 抱歉，您每分钟最多访问该接口200次，权限的具体详情访问：https://tushare.pro/document/1?doc_id=108。
2025-07-08 01:07:02,504 [WARNING] filter_stocks.py:171 查询股票 300552.SZ 的十大流通股东失败(尝试 1/3): 抱歉，您每分钟最多访问该接口200次，权限的具体详情访问：https://tushare.pro/document/1?doc_id=108。
2025-07-08 01:07:12,622 [WARNING] filter_stocks.py:171 查询股票 300552.SZ 的十大流通股东失败(尝试 2/3): 抱歉，您每分钟最多访问该接口200次，权限的具体详情访问：https://tushare.pro/document/1?doc_id=108。
2025-07-08 01:08:17,485 [WARNING] filter_stocks.py:171 查询股票 300762.SZ 的十大流通股东失败(尝试 1/3): 抱歉，您每分钟最多访问该接口200次，权限的具体详情访问：https://tushare.pro/document/1?doc_id=108。
2025-07-08 01:08:27,611 [WARNING] filter_stocks.py:171 查询股票 300762.SZ 的十大流通股东失败(尝试 2/3): 抱歉，您每分钟最多访问该接口200次，权限的具体详情访问：https://tushare.pro/document/1?doc_id=108。
2025-07-08 01:09:34,134 [WARNING] filter_stocks.py:171 查询股票 300971.SZ 的十大流通股东失败(尝试 1/3): 抱歉，您每分钟最多访问该接口200次，权限的具体详情访问：https://tushare.pro/document/1?doc_id=108。
2025-07-08 01:09:44,252 [WARNING] filter_stocks.py:171 查询股票 300971.SZ 的十大流通股东失败(尝试 2/3): 抱歉，您每分钟最多访问该接口200次，权限的具体详情访问：https://tushare.pro/document/1?doc_id=108。
2025-07-08 01:10:49,668 [WARNING] filter_stocks.py:171 查询股票 301196.SZ 的十大流通股东失败(尝试 1/3): 抱歉，您每分钟最多访问该接口200次，权限的具体详情访问：https://tushare.pro/document/1?doc_id=108。
2025-07-08 01:10:59,791 [WARNING] filter_stocks.py:171 查询股票 301196.SZ 的十大流通股东失败(尝试 2/3): 抱歉，您每分钟最多访问该接口200次，权限的具体详情访问：https://tushare.pro/document/1?doc_id=108。
2025-07-08 01:12:04,567 [WARNING] filter_stocks.py:171 查询股票 301517.SZ 的十大流通股东失败(尝试 1/3): 抱歉，您每分钟最多访问该接口200次，权限的具体详情访问：https://tushare.pro/document/1?doc_id=108。
2025-07-08 01:12:14,698 [WARNING] filter_stocks.py:171 查询股票 301517.SZ 的十大流通股东失败(尝试 2/3): 抱歉，您每分钟最多访问该接口200次，权限的具体详情访问：https://tushare.pro/document/1?doc_id=108。
2025-07-08 01:13:21,128 [WARNING] filter_stocks.py:171 查询股票 600160.SH 的十大流通股东失败(尝试 1/3): 抱歉，您每分钟最多访问该接口200次，权限的具体详情访问：https://tushare.pro/document/1?doc_id=108。
2025-07-08 01:13:31,244 [WARNING] filter_stocks.py:171 查询股票 600160.SH 的十大流通股东失败(尝试 2/3): 抱歉，您每分钟最多访问该接口200次，权限的具体详情访问：https://tushare.pro/document/1?doc_id=108。
2025-07-08 01:14:38,213 [WARNING] filter_stocks.py:171 查询股票 600422.SH 的十大流通股东失败(尝试 1/3): 抱歉，您每分钟最多访问该接口200次，权限的具体详情访问：https://tushare.pro/document/1?doc_id=108。
2025-07-08 01:14:48,338 [WARNING] filter_stocks.py:171 查询股票 600422.SH 的十大流通股东失败(尝试 2/3): 抱歉，您每分钟最多访问该接口200次，权限的具体详情访问：https://tushare.pro/document/1?doc_id=108。
2025-07-08 01:15:55,297 [WARNING] filter_stocks.py:171 查询股票 600683.SH 的十大流通股东失败(尝试 1/3): 抱歉，您每分钟最多访问该接口200次，权限的具体详情访问：https://tushare.pro/document/1?doc_id=108。
2025-07-08 01:16:05,410 [WARNING] filter_stocks.py:171 查询股票 600683.SH 的十大流通股东失败(尝试 2/3): 抱歉，您每分钟最多访问该接口200次，权限的具体详情访问：https://tushare.pro/document/1?doc_id=108。
2025-07-08 01:17:12,949 [WARNING] filter_stocks.py:171 查询股票 600939.SH 的十大流通股东失败(尝试 1/3): 抱歉，您每分钟最多访问该接口200次，权限的具体详情访问：https://tushare.pro/document/1?doc_id=108。
2025-07-08 01:17:23,074 [WARNING] filter_stocks.py:171 查询股票 600939.SH 的十大流通股东失败(尝试 2/3): 抱歉，您每分钟最多访问该接口200次，权限的具体详情访问：https://tushare.pro/document/1?doc_id=108。
2025-07-08 01:18:30,197 [WARNING] filter_stocks.py:171 查询股票 601788.SH 的十大流通股东失败(尝试 1/3): 抱歉，您每分钟最多访问该接口200次，权限的具体详情访问：https://tushare.pro/document/1?doc_id=108。
2025-07-08 01:18:40,325 [WARNING] filter_stocks.py:171 查询股票 601788.SH 的十大流通股东失败(尝试 2/3): 抱歉，您每分钟最多访问该接口200次，权限的具体详情访问：https://tushare.pro/document/1?doc_id=108。
2025-07-08 01:19:45,922 [WARNING] filter_stocks.py:171 查询股票 603166.SH 的十大流通股东失败(尝试 1/3): 抱歉，您每分钟最多访问该接口200次，权限的具体详情访问：https://tushare.pro/document/1?doc_id=108。
2025-07-08 01:19:56,045 [WARNING] filter_stocks.py:171 查询股票 603166.SH 的十大流通股东失败(尝试 2/3): 抱歉，您每分钟最多访问该接口200次，权限的具体详情访问：https://tushare.pro/document/1?doc_id=108。
2025-07-08 01:21:01,544 [WARNING] filter_stocks.py:171 查询股票 603507.SH 的十大流通股东失败(尝试 1/3): 抱歉，您每分钟最多访问该接口200次，权限的具体详情访问：https://tushare.pro/document/1?doc_id=108。
2025-07-08 01:21:11,668 [WARNING] filter_stocks.py:171 查询股票 603507.SH 的十大流通股东失败(尝试 2/3): 抱歉，您每分钟最多访问该接口200次，权限的具体详情访问：https://tushare.pro/document/1?doc_id=108。
2025-07-08 01:22:17,876 [WARNING] filter_stocks.py:171 查询股票 603890.SH 的十大流通股东失败(尝试 1/3): 抱歉，您每分钟最多访问该接口200次，权限的具体详情访问：https://tushare.pro/document/1?doc_id=108。
2025-07-08 01:22:28,002 [WARNING] filter_stocks.py:171 查询股票 603890.SH 的十大流通股东失败(尝试 2/3): 抱歉，您每分钟最多访问该接口200次，权限的具体详情访问：https://tushare.pro/document/1?doc_id=108。
2025-07-08 01:23:33,853 [WARNING] filter_stocks.py:171 查询股票 688026.SH 的十大流通股东失败(尝试 1/3): 抱歉，您每分钟最多访问该接口200次，权限的具体详情访问：https://tushare.pro/document/1?doc_id=108。
2025-07-08 01:23:43,973 [WARNING] filter_stocks.py:171 查询股票 688026.SH 的十大流通股东失败(尝试 2/3): 抱歉，您每分钟最多访问该接口200次，权限的具体详情访问：https://tushare.pro/document/1?doc_id=108。
2025-07-08 01:24:50,151 [WARNING] filter_stocks.py:171 查询股票 688258.SH 的十大流通股东失败(尝试 1/3): 抱歉，您每分钟最多访问该接口200次，权限的具体详情访问：https://tushare.pro/document/1?doc_id=108。
2025-07-08 01:25:00,273 [WARNING] filter_stocks.py:171 查询股票 688258.SH 的十大流通股东失败(尝试 2/3): 抱歉，您每分钟最多访问该接口200次，权限的具体详情访问：https://tushare.pro/document/1?doc_id=108。
2025-07-08 01:26:06,945 [WARNING] filter_stocks.py:171 查询股票 688543.SH 的十大流通股东失败(尝试 1/3): 抱歉，您每分钟最多访问该接口200次，权限的具体详情访问：https://tushare.pro/document/1?doc_id=108。
2025-07-08 01:26:17,067 [WARNING] filter_stocks.py:171 查询股票 688543.SH 的十大流通股东失败(尝试 2/3): 抱歉，您每分钟最多访问该接口200次，权限的具体详情访问：https://tushare.pro/document/1?doc_id=108。
2025-07-08 01:27:24,409 [WARNING] filter_stocks.py:171 查询股票 832089.BJ 的十大流通股东失败(尝试 1/3): 抱歉，您每分钟最多访问该接口200次，权限的具体详情访问：https://tushare.pro/document/1?doc_id=108。
2025-07-08 01:27:34,483 [WARNING] filter_stocks.py:171 查询股票 832089.BJ 的十大流通股东失败(尝试 2/3): 抱歉，您每分钟最多访问该接口200次，权限的具体详情访问：https://tushare.pro/document/1?doc_id=108。
2025-07-08 01:28:40,736 [WARNING] filter_stocks.py:171 查询股票 920066.BJ 的十大流通股东失败(尝试 1/3): 抱歉，您每分钟最多访问该接口200次，权限的具体详情访问：https://tushare.pro/document/1?doc_id=108。
2025-07-08 01:28:50,871 [WARNING] filter_stocks.py:171 查询股票 920066.BJ 的十大流通股东失败(尝试 2/3): 抱歉，您每分钟最多访问该接口200次，权限的具体详情访问：https://tushare.pro/document/1?doc_id=108。
2025-07-08 01:29:15,986 [INFO] filter_stocks.py:250 数据已保存至 stock_data/top10_stockholders_20250708.csv
