2025-07-05 13:11:13,164 [INFO] 未指定 --date，使用最近日期 2025-07-04
2025-07-05 13:11:38,142 [INFO] 
2025-07-05 13:11:38,142 [INFO] ============== 选股结果 [少妇战法] ==============
2025-07-05 13:11:38,142 [INFO] 交易日: 2025-07-04
2025-07-05 13:11:38,143 [INFO] 符合条件股票数: 8
2025-07-05 13:11:38,143 [INFO] 002202, 300080, 688006, 600039, 300569, 002057, 688779, 301155
2025-07-05 13:11:43,295 [INFO] 
2025-07-05 13:11:43,295 [INFO] ============== 选股结果 [补票战法] ==============
2025-07-05 13:11:43,295 [INFO] 交易日: 2025-07-04
2025-07-05 13:11:43,295 [INFO] 符合条件股票数: 0
2025-07-05 13:11:43,295 [INFO] 无符合条件股票
2025-07-05 13:11:45,510 [INFO] 
2025-07-05 13:11:45,510 [INFO] ============== 选股结果 [TePu战法] ==============
2025-07-05 13:11:45,510 [INFO] 交易日: 2025-07-04
2025-07-05 13:11:45,510 [INFO] 符合条件股票数: 0
2025-07-05 13:11:45,510 [INFO] 无符合条件股票
2025-07-05 13:11:48,237 [INFO] 
2025-07-05 13:11:48,237 [INFO] ============== 选股结果 [填坑战法] ==============
2025-07-05 13:11:48,237 [INFO] 交易日: 2025-07-04
2025-07-05 13:11:48,237 [INFO] 符合条件股票数: 7
2025-07-05 13:11:48,237 [INFO] 300457, 600604, 603083, 600367, 603063, 300465, 603997
